{"/home/olimpiossdx/Documentos/projetos-exemplos/GoStack/nivel-3/06-gobarber-web/src/components/Button/index.tsx": {"path":"/home/olimpiossdx/Documentos/projetos-exemplos/GoStack/nivel-3/06-gobarber-web/src/components/Button/index.tsx","statementMap":{"0":{"start":{"line":9,"column":38},"end":{"line":13,"column":1}},"1":{"start":{"line":10,"column":2},"end":{"line":12,"column":14}}},"fnMap":{"0":{"name":"(anonymous_0)","decl":{"start":{"line":9,"column":38},"end":{"line":9,"column":39}},"loc":{"start":{"line":10,"column":2},"end":{"line":12,"column":14}},"line":10}},"branchMap":{"0":{"loc":{"start":{"line":11,"column":5},"end":{"line":11,"column":41}},"type":"cond-expr","locations":[{"start":{"line":11,"column":15},"end":{"line":11,"column":30}},{"start":{"line":11,"column":33},"end":{"line":11,"column":41}}],"line":11}},"s":{"0":1,"1":1},"f":{"0":1},"b":{"0":[0,1]},"_coverageSchema":"1a1c01bbd47fc00a2c39e90264f33305004495a9","hash":"eb38aaa70d495305ac972acce2251a888208901f"}
,"/home/olimpiossdx/Documentos/projetos-exemplos/GoStack/nivel-3/06-gobarber-web/src/components/Input/index.tsx": {"path":"/home/olimpiossdx/Documentos/projetos-exemplos/GoStack/nivel-3/06-gobarber-web/src/components/Input/index.tsx","statementMap":{"0":{"start":{"line":19,"column":36},"end":{"line":72,"column":1}},"1":{"start":{"line":25,"column":19},"end":{"line":25,"column":49}},"2":{"start":{"line":27,"column":36},"end":{"line":27,"column":51}},"3":{"start":{"line":28,"column":32},"end":{"line":28,"column":47}},"4":{"start":{"line":30,"column":60},"end":{"line":30,"column":74}},"5":{"start":{"line":32,"column":27},"end":{"line":34,"column":8}},"6":{"start":{"line":33,"column":4},"end":{"line":33,"column":23}},"7":{"start":{"line":36,"column":26},"end":{"line":40,"column":8}},"8":{"start":{"line":37,"column":4},"end":{"line":37,"column":24}},"9":{"start":{"line":39,"column":4},"end":{"line":39,"column":42}},"10":{"start":{"line":42,"column":2},"end":{"line":48,"column":33}},"11":{"start":{"line":43,"column":4},"end":{"line":47,"column":7}},"12":{"start":{"line":50,"column":2},"end":{"line":71,"column":4}}},"fnMap":{"0":{"name":"(anonymous_0)","decl":{"start":{"line":19,"column":36},"end":{"line":19,"column":37}},"loc":{"start":{"line":24,"column":6},"end":{"line":72,"column":1}},"line":24},"1":{"name":"(anonymous_1)","decl":{"start":{"line":32,"column":39},"end":{"line":32,"column":40}},"loc":{"start":{"line":32,"column":45},"end":{"line":34,"column":3}},"line":32},"2":{"name":"(anonymous_2)","decl":{"start":{"line":36,"column":38},"end":{"line":36,"column":39}},"loc":{"start":{"line":36,"column":44},"end":{"line":40,"column":3}},"line":36},"3":{"name":"(anonymous_3)","decl":{"start":{"line":42,"column":12},"end":{"line":42,"column":13}},"loc":{"start":{"line":42,"column":18},"end":{"line":48,"column":3}},"line":42}},"branchMap":{"0":{"loc":{"start":{"line":57,"column":7},"end":{"line":57,"column":33}},"type":"binary-expr","locations":[{"start":{"line":57,"column":7},"end":{"line":57,"column":11}},{"start":{"line":57,"column":15},"end":{"line":57,"column":33}}],"line":57},"1":{"loc":{"start":{"line":65,"column":7},"end":{"line":69,"column":7}},"type":"binary-expr","locations":[{"start":{"line":65,"column":7},"end":{"line":65,"column":12}},{"start":{"line":66,"column":8},"end":{"line":68,"column":16}}],"line":65}},"s":{"0":1,"1":2,"2":2,"3":2,"4":2,"5":2,"6":0,"7":2,"8":0,"9":0,"10":2,"11":2,"12":2},"f":{"0":2,"1":0,"2":0,"3":2},"b":{"0":[2,2],"1":[2,0]},"_coverageSchema":"1a1c01bbd47fc00a2c39e90264f33305004495a9","hash":"5ab7b4c0424a2f95611964d6d381627947ed9475"}
,"/home/olimpiossdx/Documentos/projetos-exemplos/GoStack/nivel-3/06-gobarber-web/src/components/ToastContainer/index.tsx": {"path":"/home/olimpiossdx/Documentos/projetos-exemplos/GoStack/nivel-3/06-gobarber-web/src/components/ToastContainer/index.tsx","statementMap":{"0":{"start":{"line":11,"column":54},"end":{"line":28,"column":1}},"1":{"start":{"line":12,"column":34},"end":{"line":20,"column":3}},"2":{"start":{"line":14,"column":15},"end":{"line":14,"column":25}},"3":{"start":{"line":21,"column":2},"end":{"line":27,"column":4}},"4":{"start":{"line":24,"column":8},"end":{"line":24,"column":56}}},"fnMap":{"0":{"name":"(anonymous_0)","decl":{"start":{"line":11,"column":54},"end":{"line":11,"column":55}},"loc":{"start":{"line":11,"column":72},"end":{"line":28,"column":1}},"line":11},"1":{"name":"(anonymous_1)","decl":{"start":{"line":14,"column":4},"end":{"line":14,"column":5}},"loc":{"start":{"line":14,"column":15},"end":{"line":14,"column":25}},"line":14},"2":{"name":"(anonymous_2)","decl":{"start":{"line":23,"column":35},"end":{"line":23,"column":36}},"loc":{"start":{"line":24,"column":8},"end":{"line":24,"column":56}},"line":24}},"branchMap":{},"s":{"0":1,"1":0,"2":0,"3":0,"4":0},"f":{"0":0,"1":0,"2":0},"b":{},"_coverageSchema":"1a1c01bbd47fc00a2c39e90264f33305004495a9","hash":"2f85e5caaed44a600a66dc754288bee933f25e28"}
,"/home/olimpiossdx/Documentos/projetos-exemplos/GoStack/nivel-3/06-gobarber-web/src/components/ToastContainer/Toast/index.tsx": {"path":"/home/olimpiossdx/Documentos/projetos-exemplos/GoStack/nivel-3/06-gobarber-web/src/components/ToastContainer/Toast/index.tsx","statementMap":{"0":{"start":{"line":16,"column":14},"end":{"line":20,"column":1}},"1":{"start":{"line":21,"column":36},"end":{"line":50,"column":1}},"2":{"start":{"line":22,"column":26},"end":{"line":22,"column":36}},"3":{"start":{"line":24,"column":2},"end":{"line":32,"column":32}},"4":{"start":{"line":25,"column":18},"end":{"line":27,"column":12}},"5":{"start":{"line":26,"column":6},"end":{"line":26,"column":30}},"6":{"start":{"line":29,"column":4},"end":{"line":31,"column":6}},"7":{"start":{"line":30,"column":6},"end":{"line":30,"column":26}},"8":{"start":{"line":34,"column":2},"end":{"line":49,"column":4}},"9":{"start":{"line":45,"column":43},"end":{"line":45,"column":66}}},"fnMap":{"0":{"name":"(anonymous_0)","decl":{"start":{"line":21,"column":36},"end":{"line":21,"column":37}},"loc":{"start":{"line":21,"column":60},"end":{"line":50,"column":1}},"line":21},"1":{"name":"(anonymous_1)","decl":{"start":{"line":24,"column":12},"end":{"line":24,"column":13}},"loc":{"start":{"line":24,"column":18},"end":{"line":32,"column":3}},"line":24},"2":{"name":"(anonymous_2)","decl":{"start":{"line":25,"column":29},"end":{"line":25,"column":30}},"loc":{"start":{"line":25,"column":35},"end":{"line":27,"column":5}},"line":25},"3":{"name":"(anonymous_3)","decl":{"start":{"line":29,"column":11},"end":{"line":29,"column":12}},"loc":{"start":{"line":29,"column":17},"end":{"line":31,"column":5}},"line":29},"4":{"name":"(anonymous_4)","decl":{"start":{"line":45,"column":37},"end":{"line":45,"column":38}},"loc":{"start":{"line":45,"column":43},"end":{"line":45,"column":66}},"line":45}},"branchMap":{"0":{"loc":{"start":{"line":40,"column":13},"end":{"line":40,"column":35}},"type":"binary-expr","locations":[{"start":{"line":40,"column":13},"end":{"line":40,"column":25}},{"start":{"line":40,"column":29},"end":{"line":40,"column":35}}],"line":40},"1":{"loc":{"start":{"line":43,"column":9},"end":{"line":43,"column":60}},"type":"binary-expr","locations":[{"start":{"line":43,"column":9},"end":{"line":43,"column":28}},{"start":{"line":43,"column":32},"end":{"line":43,"column":60}}],"line":43}},"s":{"0":1,"1":1,"2":0,"3":0,"4":0,"5":0,"6":0,"7":0,"8":0,"9":0},"f":{"0":0,"1":0,"2":0,"3":0,"4":0},"b":{"0":[0,0],"1":[0,0]},"_coverageSchema":"1a1c01bbd47fc00a2c39e90264f33305004495a9","hash":"8f120f4eb2ab1b408d598453c127c8424f119923"}
,"/home/olimpiossdx/Documentos/projetos-exemplos/GoStack/nivel-3/06-gobarber-web/src/components/Tooltip/index.tsx": {"path":"/home/olimpiossdx/Documentos/projetos-exemplos/GoStack/nivel-3/06-gobarber-web/src/components/Tooltip/index.tsx","statementMap":{"0":{"start":{"line":10,"column":40},"end":{"line":17,"column":1}},"1":{"start":{"line":11,"column":2},"end":{"line":16,"column":4}}},"fnMap":{"0":{"name":"(anonymous_0)","decl":{"start":{"line":10,"column":40},"end":{"line":10,"column":41}},"loc":{"start":{"line":10,"column":76},"end":{"line":17,"column":1}},"line":10}},"branchMap":{},"s":{"0":1,"1":0},"f":{"0":0},"b":{},"_coverageSchema":"1a1c01bbd47fc00a2c39e90264f33305004495a9","hash":"0d2f2ce7bd23638292912beded4eaeb39d4a0b75"}
,"/home/olimpiossdx/Documentos/projetos-exemplos/GoStack/nivel-3/06-gobarber-web/src/hooks/auth.tsx": {"path":"/home/olimpiossdx/Documentos/projetos-exemplos/GoStack/nivel-3/06-gobarber-web/src/hooks/auth.tsx","statementMap":{"0":{"start":{"line":31,"column":20},"end":{"line":31,"column":73}},"1":{"start":{"line":33,"column":31},"end":{"line":87,"column":1}},"2":{"start":{"line":34,"column":26},"end":{"line":44,"column":4}},"3":{"start":{"line":35,"column":18},"end":{"line":35,"column":57}},"4":{"start":{"line":36,"column":17},"end":{"line":36,"column":55}},"5":{"start":{"line":38,"column":4},"end":{"line":41,"column":5}},"6":{"start":{"line":39,"column":6},"end":{"line":39,"column":61}},"7":{"start":{"line":40,"column":6},"end":{"line":40,"column":47}},"8":{"start":{"line":43,"column":4},"end":{"line":43,"column":27}},"9":{"start":{"line":46,"column":17},"end":{"line":60,"column":8}},"10":{"start":{"line":47,"column":21},"end":{"line":50,"column":6}},"11":{"start":{"line":52,"column":28},"end":{"line":52,"column":41}},"12":{"start":{"line":54,"column":4},"end":{"line":54,"column":51}},"13":{"start":{"line":55,"column":4},"end":{"line":55,"column":65}},"14":{"start":{"line":57,"column":4},"end":{"line":57,"column":59}},"15":{"start":{"line":59,"column":4},"end":{"line":59,"column":29}},"16":{"start":{"line":62,"column":18},"end":{"line":67,"column":8}},"17":{"start":{"line":63,"column":4},"end":{"line":63,"column":47}},"18":{"start":{"line":64,"column":4},"end":{"line":64,"column":46}},"19":{"start":{"line":66,"column":4},"end":{"line":66,"column":29}},"20":{"start":{"line":69,"column":21},"end":{"line":78,"column":3}},"21":{"start":{"line":71,"column":6},"end":{"line":74,"column":9}},"22":{"start":{"line":75,"column":6},"end":{"line":75,"column":67}},"23":{"start":{"line":80,"column":2},"end":{"line":86,"column":4}},"24":{"start":{"line":90,"column":18},"end":{"line":90,"column":41}},"25":{"start":{"line":92,"column":2},"end":{"line":94,"column":3}},"26":{"start":{"line":93,"column":4},"end":{"line":93,"column":67}},"27":{"start":{"line":96,"column":2},"end":{"line":96,"column":17}}},"fnMap":{"0":{"name":"(anonymous_0)","decl":{"start":{"line":33,"column":31},"end":{"line":33,"column":32}},"loc":{"start":{"line":33,"column":49},"end":{"line":87,"column":1}},"line":33},"1":{"name":"(anonymous_1)","decl":{"start":{"line":34,"column":46},"end":{"line":34,"column":47}},"loc":{"start":{"line":34,"column":52},"end":{"line":44,"column":3}},"line":34},"2":{"name":"(anonymous_2)","decl":{"start":{"line":46,"column":29},"end":{"line":46,"column":30}},"loc":{"start":{"line":46,"column":60},"end":{"line":60,"column":3}},"line":46},"3":{"name":"(anonymous_3)","decl":{"start":{"line":62,"column":30},"end":{"line":62,"column":31}},"loc":{"start":{"line":62,"column":36},"end":{"line":67,"column":3}},"line":62},"4":{"name":"(anonymous_4)","decl":{"start":{"line":70,"column":4},"end":{"line":70,"column":5}},"loc":{"start":{"line":70,"column":20},"end":{"line":76,"column":5}},"line":70},"5":{"name":"useAuth","decl":{"start":{"line":89,"column":9},"end":{"line":89,"column":16}},"loc":{"start":{"line":89,"column":36},"end":{"line":97,"column":1}},"line":89}},"branchMap":{"0":{"loc":{"start":{"line":38,"column":4},"end":{"line":41,"column":5}},"type":"if","locations":[{"start":{"line":38,"column":4},"end":{"line":41,"column":5}},{"start":{"line":38,"column":4},"end":{"line":41,"column":5}}],"line":38},"1":{"loc":{"start":{"line":38,"column":8},"end":{"line":38,"column":21}},"type":"binary-expr","locations":[{"start":{"line":38,"column":8},"end":{"line":38,"column":13}},{"start":{"line":38,"column":17},"end":{"line":38,"column":21}}],"line":38},"2":{"loc":{"start":{"line":92,"column":2},"end":{"line":94,"column":3}},"type":"if","locations":[{"start":{"line":92,"column":2},"end":{"line":94,"column":3}},{"start":{"line":92,"column":2},"end":{"line":94,"column":3}}],"line":92}},"s":{"0":1,"1":1,"2":0,"3":0,"4":0,"5":0,"6":0,"7":0,"8":0,"9":0,"10":0,"11":0,"12":0,"13":0,"14":0,"15":0,"16":0,"17":0,"18":0,"19":0,"20":0,"21":0,"22":0,"23":0,"24":1,"25":1,"26":0,"27":1},"f":{"0":0,"1":0,"2":0,"3":0,"4":0,"5":1},"b":{"0":[0,0],"1":[0,0],"2":[0,1]},"_coverageSchema":"1a1c01bbd47fc00a2c39e90264f33305004495a9","hash":"5540e05d2cf7febbf2f07ab5347d741219939239"}
,"/home/olimpiossdx/Documentos/projetos-exemplos/GoStack/nivel-3/06-gobarber-web/src/hooks/toast.tsx": {"path":"/home/olimpiossdx/Documentos/projetos-exemplos/GoStack/nivel-3/06-gobarber-web/src/hooks/toast.tsx","statementMap":{"0":{"start":{"line":17,"column":21},"end":{"line":17,"column":76}},"1":{"start":{"line":19,"column":32},"end":{"line":47,"column":1}},"2":{"start":{"line":20,"column":34},"end":{"line":20,"column":62}},"3":{"start":{"line":22,"column":19},"end":{"line":35,"column":3}},"4":{"start":{"line":24,"column":17},"end":{"line":24,"column":23}},"5":{"start":{"line":26,"column":20},"end":{"line":31,"column":7}},"6":{"start":{"line":32,"column":6},"end":{"line":32,"column":46}},"7":{"start":{"line":32,"column":27},"end":{"line":32,"column":44}},"8":{"start":{"line":37,"column":22},"end":{"line":39,"column":8}},"9":{"start":{"line":38,"column":4},"end":{"line":38,"column":69}},"10":{"start":{"line":38,"column":25},"end":{"line":38,"column":67}},"11":{"start":{"line":38,"column":49},"end":{"line":38,"column":66}},"12":{"start":{"line":41,"column":2},"end":{"line":46,"column":4}},"13":{"start":{"line":50,"column":18},"end":{"line":50,"column":42}},"14":{"start":{"line":52,"column":2},"end":{"line":54,"column":3}},"15":{"start":{"line":53,"column":4},"end":{"line":53,"column":68}},"16":{"start":{"line":55,"column":2},"end":{"line":55,"column":17}}},"fnMap":{"0":{"name":"(anonymous_0)","decl":{"start":{"line":19,"column":32},"end":{"line":19,"column":33}},"loc":{"start":{"line":19,"column":50},"end":{"line":47,"column":1}},"line":19},"1":{"name":"(anonymous_1)","decl":{"start":{"line":23,"column":4},"end":{"line":23,"column":5}},"loc":{"start":{"line":23,"column":64},"end":{"line":33,"column":5}},"line":23},"2":{"name":"(anonymous_2)","decl":{"start":{"line":32,"column":18},"end":{"line":32,"column":19}},"loc":{"start":{"line":32,"column":27},"end":{"line":32,"column":44}},"line":32},"3":{"name":"(anonymous_3)","decl":{"start":{"line":37,"column":34},"end":{"line":37,"column":35}},"loc":{"start":{"line":37,"column":50},"end":{"line":39,"column":3}},"line":37},"4":{"name":"(anonymous_4)","decl":{"start":{"line":38,"column":16},"end":{"line":38,"column":17}},"loc":{"start":{"line":38,"column":25},"end":{"line":38,"column":67}},"line":38},"5":{"name":"(anonymous_5)","decl":{"start":{"line":38,"column":38},"end":{"line":38,"column":39}},"loc":{"start":{"line":38,"column":49},"end":{"line":38,"column":66}},"line":38},"6":{"name":"useToast","decl":{"start":{"line":49,"column":9},"end":{"line":49,"column":17}},"loc":{"start":{"line":49,"column":38},"end":{"line":56,"column":1}},"line":49}},"branchMap":{"0":{"loc":{"start":{"line":52,"column":2},"end":{"line":54,"column":3}},"type":"if","locations":[{"start":{"line":52,"column":2},"end":{"line":54,"column":3}},{"start":{"line":52,"column":2},"end":{"line":54,"column":3}}],"line":52}},"s":{"0":1,"1":1,"2":0,"3":0,"4":0,"5":0,"6":0,"7":0,"8":0,"9":0,"10":0,"11":0,"12":0,"13":1,"14":1,"15":0,"16":1},"f":{"0":0,"1":0,"2":0,"3":0,"4":0,"5":0,"6":1},"b":{"0":[0,1]},"_coverageSchema":"1a1c01bbd47fc00a2c39e90264f33305004495a9","hash":"3727b9a49caf83ad2637e4e63cf02d1b614d6a38"}
,"/home/olimpiossdx/Documentos/projetos-exemplos/GoStack/nivel-3/06-gobarber-web/src/pages/Dashboard/index.tsx": {"path":"/home/olimpiossdx/Documentos/projetos-exemplos/GoStack/nivel-3/06-gobarber-web/src/pages/Dashboard/index.tsx","statementMap":{"0":{"start":{"line":44,"column":28},"end":{"line":253,"column":1}},"1":{"start":{"line":45,"column":28},"end":{"line":45,"column":37}},"2":{"start":{"line":46,"column":42},"end":{"line":46,"column":62}},"3":{"start":{"line":47,"column":42},"end":{"line":47,"column":62}},"4":{"start":{"line":49,"column":52},"end":{"line":51,"column":7}},"5":{"start":{"line":53,"column":42},"end":{"line":53,"column":70}},"6":{"start":{"line":55,"column":27},"end":{"line":59,"column":8}},"7":{"start":{"line":56,"column":4},"end":{"line":58,"column":5}},"8":{"start":{"line":57,"column":6},"end":{"line":57,"column":27}},"9":{"start":{"line":61,"column":28},"end":{"line":63,"column":8}},"10":{"start":{"line":62,"column":4},"end":{"line":62,"column":27}},"11":{"start":{"line":65,"column":2},"end":{"line":76,"column":30}},"12":{"start":{"line":66,"column":4},"end":{"line":75,"column":9}},"13":{"start":{"line":74,"column":8},"end":{"line":74,"column":44}},"14":{"start":{"line":78,"column":2},"end":{"line":96,"column":21}},"15":{"start":{"line":79,"column":4},"end":{"line":95,"column":9}},"16":{"start":{"line":88,"column":38},"end":{"line":93,"column":10}},"17":{"start":{"line":89,"column":10},"end":{"line":92,"column":12}},"18":{"start":{"line":94,"column":8},"end":{"line":94,"column":47}},"19":{"start":{"line":98,"column":23},"end":{"line":107,"column":39}},"20":{"start":{"line":99,"column":18},"end":{"line":105,"column":8}},"21":{"start":{"line":100,"column":26},"end":{"line":100,"column":54}},"22":{"start":{"line":102,"column":21},"end":{"line":102,"column":47}},"23":{"start":{"line":103,"column":22},"end":{"line":103,"column":45}},"24":{"start":{"line":104,"column":8},"end":{"line":104,"column":51}},"25":{"start":{"line":106,"column":4},"end":{"line":106,"column":17}},"26":{"start":{"line":109,"column":29},"end":{"line":111,"column":20}},"27":{"start":{"line":110,"column":4},"end":{"line":110,"column":73}},"28":{"start":{"line":113,"column":26},"end":{"line":115,"column":20}},"29":{"start":{"line":114,"column":4},"end":{"line":114,"column":58}},"30":{"start":{"line":117,"column":30},"end":{"line":121,"column":20}},"31":{"start":{"line":118,"column":4},"end":{"line":120,"column":6}},"32":{"start":{"line":119,"column":21},"end":{"line":119,"column":63}},"33":{"start":{"line":123,"column":32},"end":{"line":127,"column":20}},"34":{"start":{"line":124,"column":4},"end":{"line":126,"column":6}},"35":{"start":{"line":125,"column":21},"end":{"line":125,"column":64}},"36":{"start":{"line":129,"column":26},"end":{"line":133,"column":20}},"37":{"start":{"line":130,"column":4},"end":{"line":132,"column":6}},"38":{"start":{"line":131,"column":6},"end":{"line":131,"column":53}},"39":{"start":{"line":135,"column":2},"end":{"line":252,"column":4}},"40":{"start":{"line":187,"column":14},"end":{"line":199,"column":29}},"41":{"start":{"line":209,"column":14},"end":{"line":221,"column":29}}},"fnMap":{"0":{"name":"(anonymous_0)","decl":{"start":{"line":44,"column":28},"end":{"line":44,"column":29}},"loc":{"start":{"line":44,"column":34},"end":{"line":253,"column":1}},"line":44},"1":{"name":"(anonymous_1)","decl":{"start":{"line":55,"column":39},"end":{"line":55,"column":40}},"loc":{"start":{"line":55,"column":79},"end":{"line":59,"column":3}},"line":55},"2":{"name":"(anonymous_2)","decl":{"start":{"line":61,"column":40},"end":{"line":61,"column":41}},"loc":{"start":{"line":61,"column":57},"end":{"line":63,"column":3}},"line":61},"3":{"name":"(anonymous_3)","decl":{"start":{"line":65,"column":12},"end":{"line":65,"column":13}},"loc":{"start":{"line":65,"column":18},"end":{"line":76,"column":3}},"line":65},"4":{"name":"(anonymous_4)","decl":{"start":{"line":73,"column":12},"end":{"line":73,"column":13}},"loc":{"start":{"line":73,"column":24},"end":{"line":75,"column":7}},"line":73},"5":{"name":"(anonymous_5)","decl":{"start":{"line":78,"column":12},"end":{"line":78,"column":13}},"loc":{"start":{"line":78,"column":18},"end":{"line":96,"column":3}},"line":78},"6":{"name":"(anonymous_6)","decl":{"start":{"line":87,"column":12},"end":{"line":87,"column":13}},"loc":{"start":{"line":87,"column":24},"end":{"line":95,"column":7}},"line":87},"7":{"name":"(anonymous_7)","decl":{"start":{"line":88,"column":56},"end":{"line":88,"column":57}},"loc":{"start":{"line":88,"column":71},"end":{"line":93,"column":9}},"line":88},"8":{"name":"(anonymous_8)","decl":{"start":{"line":98,"column":31},"end":{"line":98,"column":32}},"loc":{"start":{"line":98,"column":37},"end":{"line":107,"column":3}},"line":98},"9":{"name":"(anonymous_9)","decl":{"start":{"line":100,"column":14},"end":{"line":100,"column":15}},"loc":{"start":{"line":100,"column":26},"end":{"line":100,"column":54}},"line":100},"10":{"name":"(anonymous_10)","decl":{"start":{"line":101,"column":11},"end":{"line":101,"column":12}},"loc":{"start":{"line":101,"column":23},"end":{"line":105,"column":7}},"line":101},"11":{"name":"(anonymous_11)","decl":{"start":{"line":109,"column":37},"end":{"line":109,"column":38}},"loc":{"start":{"line":109,"column":43},"end":{"line":111,"column":3}},"line":109},"12":{"name":"(anonymous_12)","decl":{"start":{"line":113,"column":34},"end":{"line":113,"column":35}},"loc":{"start":{"line":113,"column":40},"end":{"line":115,"column":3}},"line":113},"13":{"name":"(anonymous_13)","decl":{"start":{"line":117,"column":38},"end":{"line":117,"column":39}},"loc":{"start":{"line":117,"column":44},"end":{"line":121,"column":3}},"line":117},"14":{"name":"(anonymous_14)","decl":{"start":{"line":119,"column":6},"end":{"line":119,"column":7}},"loc":{"start":{"line":119,"column":21},"end":{"line":119,"column":63}},"line":119},"15":{"name":"(anonymous_15)","decl":{"start":{"line":123,"column":40},"end":{"line":123,"column":41}},"loc":{"start":{"line":123,"column":46},"end":{"line":127,"column":3}},"line":123},"16":{"name":"(anonymous_16)","decl":{"start":{"line":125,"column":6},"end":{"line":125,"column":7}},"loc":{"start":{"line":125,"column":21},"end":{"line":125,"column":64}},"line":125},"17":{"name":"(anonymous_17)","decl":{"start":{"line":129,"column":34},"end":{"line":129,"column":35}},"loc":{"start":{"line":129,"column":40},"end":{"line":133,"column":3}},"line":129},"18":{"name":"(anonymous_18)","decl":{"start":{"line":130,"column":29},"end":{"line":130,"column":30}},"loc":{"start":{"line":131,"column":6},"end":{"line":131,"column":53}},"line":131},"19":{"name":"(anonymous_19)","decl":{"start":{"line":186,"column":37},"end":{"line":186,"column":38}},"loc":{"start":{"line":187,"column":14},"end":{"line":199,"column":29}},"line":187},"20":{"name":"(anonymous_20)","decl":{"start":{"line":208,"column":39},"end":{"line":208,"column":40}},"loc":{"start":{"line":209,"column":14},"end":{"line":221,"column":29}},"line":209}},"branchMap":{"0":{"loc":{"start":{"line":56,"column":4},"end":{"line":58,"column":5}},"type":"if","locations":[{"start":{"line":56,"column":4},"end":{"line":58,"column":5}},{"start":{"line":56,"column":4},"end":{"line":58,"column":5}}],"line":56},"1":{"loc":{"start":{"line":56,"column":8},"end":{"line":56,"column":50}},"type":"binary-expr","locations":[{"start":{"line":56,"column":8},"end":{"line":56,"column":27}},{"start":{"line":56,"column":31},"end":{"line":56,"column":50}}],"line":56},"2":{"loc":{"start":{"line":160,"column":13},"end":{"line":160,"column":55}},"type":"binary-expr","locations":[{"start":{"line":160,"column":13},"end":{"line":160,"column":34}},{"start":{"line":160,"column":38},"end":{"line":160,"column":55}}],"line":160},"3":{"loc":{"start":{"line":164,"column":11},"end":{"line":179,"column":11}},"type":"binary-expr","locations":[{"start":{"line":164,"column":11},"end":{"line":164,"column":32}},{"start":{"line":164,"column":36},"end":{"line":164,"column":51}},{"start":{"line":165,"column":12},"end":{"line":178,"column":30}}],"line":164},"4":{"loc":{"start":{"line":183,"column":13},"end":{"line":185,"column":13}},"type":"binary-expr","locations":[{"start":{"line":183,"column":13},"end":{"line":183,"column":45}},{"start":{"line":184,"column":14},"end":{"line":184,"column":54}}],"line":183},"5":{"loc":{"start":{"line":205,"column":13},"end":{"line":207,"column":13}},"type":"binary-expr","locations":[{"start":{"line":205,"column":13},"end":{"line":205,"column":47}},{"start":{"line":206,"column":14},"end":{"line":206,"column":54}}],"line":205}},"s":{"0":0,"1":0,"2":0,"3":0,"4":0,"5":0,"6":0,"7":0,"8":0,"9":0,"10":0,"11":0,"12":0,"13":0,"14":0,"15":0,"16":0,"17":0,"18":0,"19":0,"20":0,"21":0,"22":0,"23":0,"24":0,"25":0,"26":0,"27":0,"28":0,"29":0,"30":0,"31":0,"32":0,"33":0,"34":0,"35":0,"36":0,"37":0,"38":0,"39":0,"40":0,"41":0},"f":{"0":0,"1":0,"2":0,"3":0,"4":0,"5":0,"6":0,"7":0,"8":0,"9":0,"10":0,"11":0,"12":0,"13":0,"14":0,"15":0,"16":0,"17":0,"18":0,"19":0,"20":0},"b":{"0":[0,0],"1":[0,0],"2":[0,0],"3":[0,0,0],"4":[0,0],"5":[0,0]}}
,"/home/olimpiossdx/Documentos/projetos-exemplos/GoStack/nivel-3/06-gobarber-web/src/pages/ForgotPassword/index.tsx": {"path":"/home/olimpiossdx/Documentos/projetos-exemplos/GoStack/nivel-3/06-gobarber-web/src/pages/ForgotPassword/index.tsx","statementMap":{"0":{"start":{"line":23,"column":23},"end":{"line":91,"column":1}},"1":{"start":{"line":24,"column":18},"end":{"line":24,"column":43}},"2":{"start":{"line":25,"column":23},"end":{"line":25,"column":33}},"3":{"start":{"line":26,"column":32},"end":{"line":26,"column":47}},"4":{"start":{"line":28,"column":23},"end":{"line":67,"column":3}},"5":{"start":{"line":30,"column":6},"end":{"line":30,"column":23}},"6":{"start":{"line":31,"column":6},"end":{"line":64,"column":7}},"7":{"start":{"line":32,"column":8},"end":{"line":32,"column":39}},"8":{"start":{"line":34,"column":23},"end":{"line":38,"column":10}},"9":{"start":{"line":40,"column":8},"end":{"line":40,"column":59}},"10":{"start":{"line":41,"column":8},"end":{"line":41,"column":66}},"11":{"start":{"line":43,"column":8},"end":{"line":48,"column":11}},"12":{"start":{"line":50,"column":8},"end":{"line":54,"column":9}},"13":{"start":{"line":51,"column":25},"end":{"line":51,"column":50}},"14":{"start":{"line":52,"column":10},"end":{"line":52,"column":45}},"15":{"start":{"line":53,"column":10},"end":{"line":53,"column":17}},"16":{"start":{"line":56,"column":8},"end":{"line":61,"column":11}},"17":{"start":{"line":63,"column":8},"end":{"line":63,"column":26}},"18":{"start":{"line":69,"column":2},"end":{"line":90,"column":4}}},"fnMap":{"0":{"name":"(anonymous_0)","decl":{"start":{"line":23,"column":23},"end":{"line":23,"column":24}},"loc":{"start":{"line":23,"column":29},"end":{"line":91,"column":1}},"line":23},"1":{"name":"(anonymous_1)","decl":{"start":{"line":29,"column":4},"end":{"line":29,"column":5}},"loc":{"start":{"line":29,"column":43},"end":{"line":65,"column":5}},"line":29}},"branchMap":{"0":{"loc":{"start":{"line":50,"column":8},"end":{"line":54,"column":9}},"type":"if","locations":[{"start":{"line":50,"column":8},"end":{"line":54,"column":9}},{"start":{"line":50,"column":8},"end":{"line":54,"column":9}}],"line":50}},"s":{"0":0,"1":0,"2":0,"3":0,"4":0,"5":0,"6":0,"7":0,"8":0,"9":0,"10":0,"11":0,"12":0,"13":0,"14":0,"15":0,"16":0,"17":0,"18":0},"f":{"0":0,"1":0},"b":{"0":[0,0]}}
,"/home/olimpiossdx/Documentos/projetos-exemplos/GoStack/nivel-3/06-gobarber-web/src/pages/Profile/index.tsx": {"path":"/home/olimpiossdx/Documentos/projetos-exemplos/GoStack/nivel-3/06-gobarber-web/src/pages/Profile/index.tsx","statementMap":{"0":{"start":{"line":24,"column":16},"end":{"line":182,"column":1}},"1":{"start":{"line":25,"column":18},"end":{"line":25,"column":43}},"2":{"start":{"line":26,"column":23},"end":{"line":26,"column":33}},"3":{"start":{"line":27,"column":18},"end":{"line":27,"column":30}},"4":{"start":{"line":28,"column":31},"end":{"line":28,"column":40}},"5":{"start":{"line":30,"column":29},"end":{"line":45,"column":3}},"6":{"start":{"line":32,"column":6},"end":{"line":42,"column":7}},"7":{"start":{"line":33,"column":21},"end":{"line":33,"column":35}},"8":{"start":{"line":34,"column":8},"end":{"line":34,"column":53}},"9":{"start":{"line":35,"column":8},"end":{"line":41,"column":11}},"10":{"start":{"line":36,"column":10},"end":{"line":36,"column":36}},"11":{"start":{"line":37,"column":10},"end":{"line":40,"column":13}},"12":{"start":{"line":47,"column":23},"end":{"line":125,"column":3}},"13":{"start":{"line":49,"column":6},"end":{"line":122,"column":7}},"14":{"start":{"line":50,"column":8},"end":{"line":50,"column":39}},"15":{"start":{"line":52,"column":23},"end":{"line":70,"column":10}},"16":{"start":{"line":59,"column":33},"end":{"line":59,"column":45}},"17":{"start":{"line":65,"column":35},"end":{"line":65,"column":47}},"18":{"start":{"line":72,"column":8},"end":{"line":72,"column":59}},"19":{"start":{"line":80,"column":12},"end":{"line":80,"column":16}},"20":{"start":{"line":81,"column":25},"end":{"line":91,"column":9}},"21":{"start":{"line":93,"column":25},"end":{"line":93,"column":60}},"22":{"start":{"line":94,"column":8},"end":{"line":94,"column":34}},"23":{"start":{"line":96,"column":8},"end":{"line":96,"column":35}},"24":{"start":{"line":98,"column":8},"end":{"line":102,"column":11}},"25":{"start":{"line":104,"column":8},"end":{"line":108,"column":9}},"26":{"start":{"line":105,"column":25},"end":{"line":105,"column":50}},"27":{"start":{"line":106,"column":10},"end":{"line":106,"column":45}},"28":{"start":{"line":107,"column":10},"end":{"line":107,"column":17}},"29":{"start":{"line":109,"column":8},"end":{"line":116,"column":9}},"30":{"start":{"line":110,"column":10},"end":{"line":114,"column":13}},"31":{"start":{"line":115,"column":10},"end":{"line":115,"column":17}},"32":{"start":{"line":117,"column":8},"end":{"line":121,"column":11}},"33":{"start":{"line":127,"column":2},"end":{"line":181,"column":4}}},"fnMap":{"0":{"name":"(anonymous_0)","decl":{"start":{"line":24,"column":16},"end":{"line":24,"column":17}},"loc":{"start":{"line":24,"column":22},"end":{"line":182,"column":1}},"line":24},"1":{"name":"(anonymous_1)","decl":{"start":{"line":31,"column":4},"end":{"line":31,"column":5}},"loc":{"start":{"line":31,"column":58},"end":{"line":43,"column":5}},"line":31},"2":{"name":"(anonymous_2)","decl":{"start":{"line":35,"column":52},"end":{"line":35,"column":53}},"loc":{"start":{"line":35,"column":64},"end":{"line":41,"column":9}},"line":35},"3":{"name":"(anonymous_3)","decl":{"start":{"line":48,"column":4},"end":{"line":48,"column":5}},"loc":{"start":{"line":48,"column":37},"end":{"line":123,"column":5}},"line":48},"4":{"name":"(anonymous_4)","decl":{"start":{"line":59,"column":16},"end":{"line":59,"column":17}},"loc":{"start":{"line":59,"column":33},"end":{"line":59,"column":45}},"line":59},"5":{"name":"(anonymous_5)","decl":{"start":{"line":65,"column":18},"end":{"line":65,"column":19}},"loc":{"start":{"line":65,"column":35},"end":{"line":65,"column":47}},"line":65}},"branchMap":{"0":{"loc":{"start":{"line":32,"column":6},"end":{"line":42,"column":7}},"type":"if","locations":[{"start":{"line":32,"column":6},"end":{"line":42,"column":7}},{"start":{"line":32,"column":6},"end":{"line":42,"column":7}}],"line":32},"1":{"loc":{"start":{"line":84,"column":14},"end":{"line":90,"column":16}},"type":"cond-expr","locations":[{"start":{"line":85,"column":14},"end":{"line":89,"column":15}},{"start":{"line":90,"column":14},"end":{"line":90,"column":16}}],"line":84},"2":{"loc":{"start":{"line":104,"column":8},"end":{"line":108,"column":9}},"type":"if","locations":[{"start":{"line":104,"column":8},"end":{"line":108,"column":9}},{"start":{"line":104,"column":8},"end":{"line":108,"column":9}}],"line":104},"3":{"loc":{"start":{"line":109,"column":8},"end":{"line":116,"column":9}},"type":"if","locations":[{"start":{"line":109,"column":8},"end":{"line":116,"column":9}},{"start":{"line":109,"column":8},"end":{"line":116,"column":9}}],"line":109}},"s":{"0":0,"1":0,"2":0,"3":0,"4":0,"5":0,"6":0,"7":0,"8":0,"9":0,"10":0,"11":0,"12":0,"13":0,"14":0,"15":0,"16":0,"17":0,"18":0,"19":0,"20":0,"21":0,"22":0,"23":0,"24":0,"25":0,"26":0,"27":0,"28":0,"29":0,"30":0,"31":0,"32":0,"33":0},"f":{"0":0,"1":0,"2":0,"3":0,"4":0,"5":0},"b":{"0":[0,0],"1":[0,0],"2":[0,0],"3":[0,0]}}
,"/home/olimpiossdx/Documentos/projetos-exemplos/GoStack/nivel-3/06-gobarber-web/src/pages/ResetPassword/index.tsx": {"path":"/home/olimpiossdx/Documentos/projetos-exemplos/GoStack/nivel-3/06-gobarber-web/src/pages/ResetPassword/index.tsx","statementMap":{"0":{"start":{"line":25,"column":22},"end":{"line":106,"column":1}},"1":{"start":{"line":26,"column":18},"end":{"line":26,"column":43}},"2":{"start":{"line":28,"column":23},"end":{"line":28,"column":33}},"3":{"start":{"line":30,"column":18},"end":{"line":30,"column":30}},"4":{"start":{"line":31,"column":19},"end":{"line":31,"column":32}},"5":{"start":{"line":33,"column":23},"end":{"line":75,"column":3}},"6":{"start":{"line":35,"column":6},"end":{"line":72,"column":7}},"7":{"start":{"line":36,"column":8},"end":{"line":36,"column":39}},"8":{"start":{"line":38,"column":23},"end":{"line":44,"column":10}},"9":{"start":{"line":46,"column":8},"end":{"line":46,"column":59}},"10":{"start":{"line":47,"column":22},"end":{"line":47,"column":60}},"11":{"start":{"line":49,"column":8},"end":{"line":51,"column":9}},"12":{"start":{"line":50,"column":10},"end":{"line":50,"column":28}},"13":{"start":{"line":53,"column":8},"end":{"line":57,"column":11}},"14":{"start":{"line":59,"column":8},"end":{"line":59,"column":26}},"15":{"start":{"line":61,"column":8},"end":{"line":65,"column":9}},"16":{"start":{"line":62,"column":25},"end":{"line":62,"column":50}},"17":{"start":{"line":63,"column":10},"end":{"line":63,"column":45}},"18":{"start":{"line":64,"column":10},"end":{"line":64,"column":17}},"19":{"start":{"line":67,"column":8},"end":{"line":71,"column":11}},"20":{"start":{"line":77,"column":2},"end":{"line":105,"column":4}}},"fnMap":{"0":{"name":"(anonymous_0)","decl":{"start":{"line":25,"column":22},"end":{"line":25,"column":23}},"loc":{"start":{"line":25,"column":28},"end":{"line":106,"column":1}},"line":25},"1":{"name":"(anonymous_1)","decl":{"start":{"line":34,"column":4},"end":{"line":34,"column":5}},"loc":{"start":{"line":34,"column":43},"end":{"line":73,"column":5}},"line":34}},"branchMap":{"0":{"loc":{"start":{"line":49,"column":8},"end":{"line":51,"column":9}},"type":"if","locations":[{"start":{"line":49,"column":8},"end":{"line":51,"column":9}},{"start":{"line":49,"column":8},"end":{"line":51,"column":9}}],"line":49},"1":{"loc":{"start":{"line":61,"column":8},"end":{"line":65,"column":9}},"type":"if","locations":[{"start":{"line":61,"column":8},"end":{"line":65,"column":9}},{"start":{"line":61,"column":8},"end":{"line":65,"column":9}}],"line":61}},"s":{"0":0,"1":0,"2":0,"3":0,"4":0,"5":0,"6":0,"7":0,"8":0,"9":0,"10":0,"11":0,"12":0,"13":0,"14":0,"15":0,"16":0,"17":0,"18":0,"19":0,"20":0},"f":{"0":0,"1":0},"b":{"0":[0,0],"1":[0,0]}}
,"/home/olimpiossdx/Documentos/projetos-exemplos/GoStack/nivel-3/06-gobarber-web/src/pages/SignUP/index.tsx": {"path":"/home/olimpiossdx/Documentos/projetos-exemplos/GoStack/nivel-3/06-gobarber-web/src/pages/SignUP/index.tsx","statementMap":{"0":{"start":{"line":21,"column":15},"end":{"line":102,"column":1}},"1":{"start":{"line":22,"column":18},"end":{"line":22,"column":43}},"2":{"start":{"line":23,"column":23},"end":{"line":23,"column":33}},"3":{"start":{"line":24,"column":18},"end":{"line":24,"column":30}},"4":{"start":{"line":25,"column":23},"end":{"line":69,"column":3}},"5":{"start":{"line":27,"column":6},"end":{"line":66,"column":7}},"6":{"start":{"line":28,"column":8},"end":{"line":28,"column":39}},"7":{"start":{"line":30,"column":23},"end":{"line":36,"column":10}},"8":{"start":{"line":37,"column":8},"end":{"line":37,"column":59}},"9":{"start":{"line":38,"column":8},"end":{"line":38,"column":39}},"10":{"start":{"line":40,"column":8},"end":{"line":40,"column":26}},"11":{"start":{"line":42,"column":8},"end":{"line":46,"column":11}},"12":{"start":{"line":48,"column":8},"end":{"line":52,"column":9}},"13":{"start":{"line":49,"column":25},"end":{"line":49,"column":50}},"14":{"start":{"line":50,"column":10},"end":{"line":50,"column":45}},"15":{"start":{"line":51,"column":10},"end":{"line":51,"column":17}},"16":{"start":{"line":53,"column":8},"end":{"line":60,"column":9}},"17":{"start":{"line":54,"column":10},"end":{"line":58,"column":13}},"18":{"start":{"line":59,"column":10},"end":{"line":59,"column":17}},"19":{"start":{"line":61,"column":8},"end":{"line":65,"column":11}},"20":{"start":{"line":71,"column":2},"end":{"line":101,"column":4}}},"fnMap":{"0":{"name":"(anonymous_0)","decl":{"start":{"line":21,"column":15},"end":{"line":21,"column":16}},"loc":{"start":{"line":21,"column":21},"end":{"line":102,"column":1}},"line":21},"1":{"name":"(anonymous_1)","decl":{"start":{"line":26,"column":4},"end":{"line":26,"column":5}},"loc":{"start":{"line":26,"column":36},"end":{"line":67,"column":5}},"line":26}},"branchMap":{"0":{"loc":{"start":{"line":48,"column":8},"end":{"line":52,"column":9}},"type":"if","locations":[{"start":{"line":48,"column":8},"end":{"line":52,"column":9}},{"start":{"line":48,"column":8},"end":{"line":52,"column":9}}],"line":48},"1":{"loc":{"start":{"line":53,"column":8},"end":{"line":60,"column":9}},"type":"if","locations":[{"start":{"line":53,"column":8},"end":{"line":60,"column":9}},{"start":{"line":53,"column":8},"end":{"line":60,"column":9}}],"line":53}},"s":{"0":0,"1":0,"2":0,"3":0,"4":0,"5":0,"6":0,"7":0,"8":0,"9":0,"10":0,"11":0,"12":0,"13":0,"14":0,"15":0,"16":0,"17":0,"18":0,"19":0,"20":0},"f":{"0":0,"1":0},"b":{"0":[0,0],"1":[0,0]}}
,"/home/olimpiossdx/Documentos/projetos-exemplos/GoStack/nivel-3/06-gobarber-web/src/pages/Signin/index.tsx": {"path":"/home/olimpiossdx/Documentos/projetos-exemplos/GoStack/nivel-3/06-gobarber-web/src/pages/Signin/index.tsx","statementMap":{"0":{"start":{"line":24,"column":15},"end":{"line":92,"column":1}},"1":{"start":{"line":25,"column":18},"end":{"line":25,"column":43}},"2":{"start":{"line":26,"column":21},"end":{"line":26,"column":30}},"3":{"start":{"line":27,"column":23},"end":{"line":27,"column":33}},"4":{"start":{"line":29,"column":18},"end":{"line":29,"column":30}},"5":{"start":{"line":31,"column":23},"end":{"line":62,"column":3}},"6":{"start":{"line":33,"column":6},"end":{"line":59,"column":7}},"7":{"start":{"line":34,"column":8},"end":{"line":34,"column":39}},"8":{"start":{"line":36,"column":23},"end":{"line":41,"column":10}},"9":{"start":{"line":43,"column":8},"end":{"line":43,"column":59}},"10":{"start":{"line":45,"column":8},"end":{"line":45,"column":69}},"11":{"start":{"line":46,"column":8},"end":{"line":46,"column":26}},"12":{"start":{"line":48,"column":8},"end":{"line":52,"column":9}},"13":{"start":{"line":49,"column":25},"end":{"line":49,"column":50}},"14":{"start":{"line":50,"column":10},"end":{"line":50,"column":45}},"15":{"start":{"line":51,"column":10},"end":{"line":51,"column":17}},"16":{"start":{"line":54,"column":8},"end":{"line":58,"column":11}},"17":{"start":{"line":64,"column":2},"end":{"line":91,"column":4}}},"fnMap":{"0":{"name":"(anonymous_0)","decl":{"start":{"line":24,"column":15},"end":{"line":24,"column":16}},"loc":{"start":{"line":24,"column":21},"end":{"line":92,"column":1}},"line":24},"1":{"name":"(anonymous_1)","decl":{"start":{"line":32,"column":4},"end":{"line":32,"column":5}},"loc":{"start":{"line":32,"column":36},"end":{"line":60,"column":5}},"line":32}},"branchMap":{"0":{"loc":{"start":{"line":48,"column":8},"end":{"line":52,"column":9}},"type":"if","locations":[{"start":{"line":48,"column":8},"end":{"line":52,"column":9}},{"start":{"line":48,"column":8},"end":{"line":52,"column":9}}],"line":48}},"s":{"0":1,"1":1,"2":1,"3":1,"4":1,"5":1,"6":0,"7":0,"8":0,"9":0,"10":0,"11":0,"12":0,"13":0,"14":0,"15":0,"16":0,"17":1},"f":{"0":1,"1":0},"b":{"0":[0,0]},"_coverageSchema":"1a1c01bbd47fc00a2c39e90264f33305004495a9","hash":"a960059141c7a647c3914787cd01df2a571f6d04"}
}
