TN:
SF:src/components/Button/index.tsx
FN:9,(anonymous_0)
FNF:1
FNH:1
FNDA:1,(anonymous_0)
DA:9,1
DA:10,1
LF:2
LH:2
BRDA:11,0,0,0
BRDA:11,0,1,1
BRF:2
BRH:1
end_of_record
TN:
SF:src/components/Input/index.tsx
FN:19,(anonymous_0)
FN:32,(anonymous_1)
FN:36,(anonymous_2)
FN:42,(anonymous_3)
FNF:4
FNH:2
FNDA:2,(anonymous_0)
FNDA:0,(anonymous_1)
FNDA:0,(anonymous_2)
FNDA:2,(anonymous_3)
DA:19,1
DA:25,2
DA:27,2
DA:28,2
DA:30,2
DA:32,2
DA:33,0
DA:36,2
DA:37,0
DA:39,0
DA:42,2
DA:43,2
DA:50,2
LF:13
LH:10
BRDA:57,0,0,2
BRDA:57,0,1,2
BRDA:65,1,0,2
BRDA:65,1,1,0
BRF:4
BRH:3
end_of_record
TN:
SF:src/components/ToastContainer/index.tsx
FN:11,(anonymous_0)
FN:14,(anonymous_1)
FN:23,(anonymous_2)
FNF:3
FNH:0
FNDA:0,(anonymous_0)
FNDA:0,(anonymous_1)
FNDA:0,(anonymous_2)
DA:11,1
DA:12,0
DA:14,0
DA:21,0
DA:24,0
LF:5
LH:1
BRF:0
BRH:0
end_of_record
TN:
SF:src/components/ToastContainer/Toast/index.tsx
FN:21,(anonymous_0)
FN:24,(anonymous_1)
FN:25,(anonymous_2)
FN:29,(anonymous_3)
FN:45,(anonymous_4)
FNF:5
FNH:0
FNDA:0,(anonymous_0)
FNDA:0,(anonymous_1)
FNDA:0,(anonymous_2)
FNDA:0,(anonymous_3)
FNDA:0,(anonymous_4)
DA:16,1
DA:21,1
DA:22,0
DA:24,0
DA:25,0
DA:26,0
DA:29,0
DA:30,0
DA:34,0
DA:45,0
LF:10
LH:2
BRDA:40,0,0,0
BRDA:40,0,1,0
BRDA:43,1,0,0
BRDA:43,1,1,0
BRF:4
BRH:0
end_of_record
TN:
SF:src/components/Tooltip/index.tsx
FN:10,(anonymous_0)
FNF:1
FNH:0
FNDA:0,(anonymous_0)
DA:10,1
DA:11,0
LF:2
LH:1
BRF:0
BRH:0
end_of_record
TN:
SF:src/hooks/auth.tsx
FN:33,(anonymous_0)
FN:34,(anonymous_1)
FN:46,(anonymous_2)
FN:62,(anonymous_3)
FN:70,(anonymous_4)
FN:89,useAuth
FNF:6
FNH:1
FNDA:0,(anonymous_0)
FNDA:0,(anonymous_1)
FNDA:0,(anonymous_2)
FNDA:0,(anonymous_3)
FNDA:0,(anonymous_4)
FNDA:1,useAuth
DA:31,1
DA:33,1
DA:34,0
DA:35,0
DA:36,0
DA:38,0
DA:39,0
DA:40,0
DA:43,0
DA:46,0
DA:47,0
DA:52,0
DA:54,0
DA:55,0
DA:57,0
DA:59,0
DA:62,0
DA:63,0
DA:64,0
DA:66,0
DA:69,0
DA:71,0
DA:75,0
DA:80,0
DA:90,1
DA:92,1
DA:93,0
DA:96,1
LF:28
LH:5
BRDA:38,0,0,0
BRDA:38,0,1,0
BRDA:38,1,0,0
BRDA:38,1,1,0
BRDA:92,2,0,0
BRDA:92,2,1,1
BRF:6
BRH:1
end_of_record
TN:
SF:src/hooks/toast.tsx
FN:19,(anonymous_0)
FN:23,(anonymous_1)
FN:32,(anonymous_2)
FN:37,(anonymous_3)
FN:38,(anonymous_4)
FN:38,(anonymous_5)
FN:49,useToast
FNF:7
FNH:1
FNDA:0,(anonymous_0)
FNDA:0,(anonymous_1)
FNDA:0,(anonymous_2)
FNDA:0,(anonymous_3)
FNDA:0,(anonymous_4)
FNDA:0,(anonymous_5)
FNDA:1,useToast
DA:17,1
DA:19,1
DA:20,0
DA:22,0
DA:24,0
DA:26,0
DA:32,0
DA:37,0
DA:38,0
DA:41,0
DA:50,1
DA:52,1
DA:53,0
DA:55,1
LF:14
LH:5
BRDA:52,0,0,0
BRDA:52,0,1,1
BRF:2
BRH:1
end_of_record
TN:
SF:src/pages/Dashboard/index.tsx
FN:44,(anonymous_0)
FN:55,(anonymous_1)
FN:61,(anonymous_2)
FN:65,(anonymous_3)
FN:73,(anonymous_4)
FN:78,(anonymous_5)
FN:87,(anonymous_6)
FN:88,(anonymous_7)
FN:98,(anonymous_8)
FN:100,(anonymous_9)
FN:101,(anonymous_10)
FN:109,(anonymous_11)
FN:113,(anonymous_12)
FN:117,(anonymous_13)
FN:119,(anonymous_14)
FN:123,(anonymous_15)
FN:125,(anonymous_16)
FN:129,(anonymous_17)
FN:130,(anonymous_18)
FN:186,(anonymous_19)
FN:208,(anonymous_20)
FNF:21
FNH:0
FNDA:0,(anonymous_0)
FNDA:0,(anonymous_1)
FNDA:0,(anonymous_2)
FNDA:0,(anonymous_3)
FNDA:0,(anonymous_4)
FNDA:0,(anonymous_5)
FNDA:0,(anonymous_6)
FNDA:0,(anonymous_7)
FNDA:0,(anonymous_8)
FNDA:0,(anonymous_9)
FNDA:0,(anonymous_10)
FNDA:0,(anonymous_11)
FNDA:0,(anonymous_12)
FNDA:0,(anonymous_13)
FNDA:0,(anonymous_14)
FNDA:0,(anonymous_15)
FNDA:0,(anonymous_16)
FNDA:0,(anonymous_17)
FNDA:0,(anonymous_18)
FNDA:0,(anonymous_19)
FNDA:0,(anonymous_20)
DA:44,0
DA:45,0
DA:46,0
DA:47,0
DA:49,0
DA:53,0
DA:55,0
DA:56,0
DA:57,0
DA:61,0
DA:62,0
DA:65,0
DA:66,0
DA:74,0
DA:78,0
DA:79,0
DA:88,0
DA:89,0
DA:94,0
DA:98,0
DA:99,0
DA:100,0
DA:102,0
DA:103,0
DA:104,0
DA:106,0
DA:109,0
DA:110,0
DA:113,0
DA:114,0
DA:117,0
DA:118,0
DA:119,0
DA:123,0
DA:124,0
DA:125,0
DA:129,0
DA:130,0
DA:131,0
DA:135,0
DA:187,0
DA:209,0
LF:42
LH:0
BRDA:56,0,0,0
BRDA:56,0,1,0
BRDA:56,1,0,0
BRDA:56,1,1,0
BRDA:160,2,0,0
BRDA:160,2,1,0
BRDA:164,3,0,0
BRDA:164,3,1,0
BRDA:164,3,2,0
BRDA:183,4,0,0
BRDA:183,4,1,0
BRDA:205,5,0,0
BRDA:205,5,1,0
BRF:13
BRH:0
end_of_record
TN:
SF:src/pages/ForgotPassword/index.tsx
FN:23,(anonymous_0)
FN:29,(anonymous_1)
FNF:2
FNH:0
FNDA:0,(anonymous_0)
FNDA:0,(anonymous_1)
DA:23,0
DA:24,0
DA:25,0
DA:26,0
DA:28,0
DA:30,0
DA:31,0
DA:32,0
DA:34,0
DA:40,0
DA:41,0
DA:43,0
DA:50,0
DA:51,0
DA:52,0
DA:53,0
DA:56,0
DA:63,0
DA:69,0
LF:19
LH:0
BRDA:50,0,0,0
BRDA:50,0,1,0
BRF:2
BRH:0
end_of_record
TN:
SF:src/pages/Profile/index.tsx
FN:24,(anonymous_0)
FN:31,(anonymous_1)
FN:35,(anonymous_2)
FN:48,(anonymous_3)
FN:59,(anonymous_4)
FN:65,(anonymous_5)
FNF:6
FNH:0
FNDA:0,(anonymous_0)
FNDA:0,(anonymous_1)
FNDA:0,(anonymous_2)
FNDA:0,(anonymous_3)
FNDA:0,(anonymous_4)
FNDA:0,(anonymous_5)
DA:24,0
DA:25,0
DA:26,0
DA:27,0
DA:28,0
DA:30,0
DA:32,0
DA:33,0
DA:34,0
DA:35,0
DA:36,0
DA:37,0
DA:47,0
DA:49,0
DA:50,0
DA:52,0
DA:59,0
DA:65,0
DA:72,0
DA:80,0
DA:81,0
DA:93,0
DA:94,0
DA:96,0
DA:98,0
DA:104,0
DA:105,0
DA:106,0
DA:107,0
DA:109,0
DA:110,0
DA:115,0
DA:117,0
DA:127,0
LF:34
LH:0
BRDA:32,0,0,0
BRDA:32,0,1,0
BRDA:84,1,0,0
BRDA:84,1,1,0
BRDA:104,2,0,0
BRDA:104,2,1,0
BRDA:109,3,0,0
BRDA:109,3,1,0
BRF:8
BRH:0
end_of_record
TN:
SF:src/pages/ResetPassword/index.tsx
FN:25,(anonymous_0)
FN:34,(anonymous_1)
FNF:2
FNH:0
FNDA:0,(anonymous_0)
FNDA:0,(anonymous_1)
DA:25,0
DA:26,0
DA:28,0
DA:30,0
DA:31,0
DA:33,0
DA:35,0
DA:36,0
DA:38,0
DA:46,0
DA:47,0
DA:49,0
DA:50,0
DA:53,0
DA:59,0
DA:61,0
DA:62,0
DA:63,0
DA:64,0
DA:67,0
DA:77,0
LF:21
LH:0
BRDA:49,0,0,0
BRDA:49,0,1,0
BRDA:61,1,0,0
BRDA:61,1,1,0
BRF:4
BRH:0
end_of_record
TN:
SF:src/pages/SignUP/index.tsx
FN:21,(anonymous_0)
FN:26,(anonymous_1)
FNF:2
FNH:0
FNDA:0,(anonymous_0)
FNDA:0,(anonymous_1)
DA:21,0
DA:22,0
DA:23,0
DA:24,0
DA:25,0
DA:27,0
DA:28,0
DA:30,0
DA:37,0
DA:38,0
DA:40,0
DA:42,0
DA:48,0
DA:49,0
DA:50,0
DA:51,0
DA:53,0
DA:54,0
DA:59,0
DA:61,0
DA:71,0
LF:21
LH:0
BRDA:48,0,0,0
BRDA:48,0,1,0
BRDA:53,1,0,0
BRDA:53,1,1,0
BRF:4
BRH:0
end_of_record
TN:
SF:src/pages/Signin/index.tsx
FN:24,(anonymous_0)
FN:32,(anonymous_1)
FNF:2
FNH:1
FNDA:1,(anonymous_0)
FNDA:0,(anonymous_1)
DA:24,1
DA:25,1
DA:26,1
DA:27,1
DA:29,1
DA:31,1
DA:33,0
DA:34,0
DA:36,0
DA:43,0
DA:45,0
DA:46,0
DA:48,0
DA:49,0
DA:50,0
DA:51,0
DA:54,0
DA:64,1
LF:18
LH:7
BRDA:48,0,0,0
BRDA:48,0,1,0
BRF:2
BRH:0
end_of_record
