{"/home/olimpiossdx/Documentos/projetos-exemplos/GoStack/appgobarber/src/components/Button/index.tsx": {"path":"/home/olimpiossdx/Documentos/projetos-exemplos/GoStack/appgobarber/src/components/Button/index.tsx","statementMap":{"0":{"start":{"line":10,"column":38},"end":{"line":16,"column":1}},"1":{"start":{"line":11,"column":2},"end":{"line":15,"column":3}}},"fnMap":{"0":{"name":"(anonymous_0)","decl":{"start":{"line":10,"column":38},"end":{"line":10,"column":39}},"loc":{"start":{"line":10,"column":65},"end":{"line":16,"column":1}},"line":10}},"branchMap":{},"s":{"0":1,"1":1},"f":{"0":1},"b":{},"_coverageSchema":"1a1c01bbd47fc00a2c39e90264f33305004495a9","hash":"66a59235d405f4c05284db294310f7b2a5edac9e"}
,"/home/olimpiossdx/Documentos/projetos-exemplos/GoStack/appgobarber/src/components/Input/index.tsx": {"path":"/home/olimpiossdx/Documentos/projetos-exemplos/GoStack/appgobarber/src/components/Input/index.tsx","statementMap":{"0":{"start":{"line":21,"column":68},"end":{"line":80,"column":1}},"1":{"start":{"line":22,"column":26},"end":{"line":22,"column":43}},"2":{"start":{"line":24,"column":65},"end":{"line":24,"column":79}},"3":{"start":{"line":25,"column":24},"end":{"line":25,"column":76}},"4":{"start":{"line":27,"column":36},"end":{"line":27,"column":51}},"5":{"start":{"line":28,"column":34},"end":{"line":28,"column":49}},"6":{"start":{"line":30,"column":27},"end":{"line":32,"column":3}},"7":{"start":{"line":31,"column":4},"end":{"line":31,"column":23}},"8":{"start":{"line":34,"column":26},"end":{"line":37,"column":8}},"9":{"start":{"line":35,"column":4},"end":{"line":35,"column":24}},"10":{"start":{"line":36,"column":4},"end":{"line":36,"column":47}},"11":{"start":{"line":39,"column":2},"end":{"line":43,"column":6}},"12":{"start":{"line":39,"column":34},"end":{"line":43,"column":3}},"13":{"start":{"line":41,"column":6},"end":{"line":41,"column":38}},"14":{"start":{"line":45,"column":2},"end":{"line":62,"column":33}},"15":{"start":{"line":46,"column":4},"end":{"line":58,"column":7}},"16":{"start":{"line":51,"column":8},"end":{"line":51,"column":44}},"17":{"start":{"line":52,"column":8},"end":{"line":52,"column":64}},"18":{"start":{"line":55,"column":8},"end":{"line":55,"column":41}},"19":{"start":{"line":56,"column":8},"end":{"line":56,"column":40}},"20":{"start":{"line":59,"column":4},"end":{"line":61,"column":5}},"21":{"start":{"line":60,"column":6},"end":{"line":60,"column":19}},"22":{"start":{"line":64,"column":2},"end":{"line":79,"column":3}},"23":{"start":{"line":75,"column":10},"end":{"line":75,"column":63}}},"fnMap":{"0":{"name":"(anonymous_0)","decl":{"start":{"line":21,"column":68},"end":{"line":21,"column":69}},"loc":{"start":{"line":21,"column":118},"end":{"line":80,"column":1}},"line":21},"1":{"name":"(anonymous_1)","decl":{"start":{"line":30,"column":27},"end":{"line":30,"column":28}},"loc":{"start":{"line":30,"column":33},"end":{"line":32,"column":3}},"line":30},"2":{"name":"(anonymous_2)","decl":{"start":{"line":34,"column":38},"end":{"line":34,"column":39}},"loc":{"start":{"line":34,"column":44},"end":{"line":37,"column":3}},"line":34},"3":{"name":"(anonymous_3)","decl":{"start":{"line":39,"column":27},"end":{"line":39,"column":28}},"loc":{"start":{"line":39,"column":34},"end":{"line":43,"column":3}},"line":39},"4":{"name":"(anonymous_4)","decl":{"start":{"line":40,"column":4},"end":{"line":40,"column":5}},"loc":{"start":{"line":40,"column":12},"end":{"line":42,"column":5}},"line":40},"5":{"name":"(anonymous_5)","decl":{"start":{"line":45,"column":12},"end":{"line":45,"column":13}},"loc":{"start":{"line":45,"column":18},"end":{"line":62,"column":3}},"line":45},"6":{"name":"(anonymous_6)","decl":{"start":{"line":50,"column":6},"end":{"line":50,"column":7}},"loc":{"start":{"line":50,"column":32},"end":{"line":53,"column":7}},"line":50},"7":{"name":"(anonymous_7)","decl":{"start":{"line":54,"column":6},"end":{"line":54,"column":7}},"loc":{"start":{"line":54,"column":19},"end":{"line":57,"column":7}},"line":54},"8":{"name":"(anonymous_8)","decl":{"start":{"line":59,"column":11},"end":{"line":59,"column":12}},"loc":{"start":{"line":59,"column":17},"end":{"line":61,"column":5}},"line":59},"9":{"name":"(anonymous_9)","decl":{"start":{"line":74,"column":18},"end":{"line":74,"column":19}},"loc":{"start":{"line":74,"column":77},"end":{"line":76,"column":9}},"line":74}},"branchMap":{"0":{"loc":{"start":{"line":24,"column":25},"end":{"line":24,"column":42}},"type":"default-arg","locations":[{"start":{"line":24,"column":40},"end":{"line":24,"column":42}}],"line":24},"1":{"loc":{"start":{"line":66,"column":41},"end":{"line":66,"column":86}},"type":"cond-expr","locations":[{"start":{"line":66,"column":65},"end":{"line":66,"column":74}},{"start":{"line":66,"column":77},"end":{"line":66,"column":86}}],"line":66},"2":{"loc":{"start":{"line":66,"column":41},"end":{"line":66,"column":62}},"type":"binary-expr","locations":[{"start":{"line":66,"column":41},"end":{"line":66,"column":50}},{"start":{"line":66,"column":54},"end":{"line":66,"column":62}}],"line":66}},"s":{"0":1,"1":2,"2":2,"3":2,"4":2,"5":2,"6":2,"7":0,"8":2,"9":0,"10":0,"11":2,"12":1,"13":0,"14":2,"15":2,"16":0,"17":0,"18":0,"19":0,"20":2,"21":2,"22":2,"23":0},"f":{"0":2,"1":0,"2":0,"3":1,"4":0,"5":2,"6":0,"7":0,"8":2,"9":0},"b":{"0":[2],"1":[0,2],"2":[2,2]},"_coverageSchema":"1a1c01bbd47fc00a2c39e90264f33305004495a9","hash":"e9939e6398a40c4e7ae3ffec08ec5f1b9a2cecdb"}
,"/home/olimpiossdx/Documentos/projetos-exemplos/GoStack/appgobarber/src/hooks/auth.tsx": {"path":"/home/olimpiossdx/Documentos/projetos-exemplos/GoStack/appgobarber/src/hooks/auth.tsx","statementMap":{"0":{"start":{"line":32,"column":20},"end":{"line":32,"column":73}},"1":{"start":{"line":34,"column":31},"end":{"line":86,"column":1}},"2":{"start":{"line":35,"column":26},"end":{"line":35,"column":62}},"3":{"start":{"line":36,"column":32},"end":{"line":36,"column":46}},"4":{"start":{"line":38,"column":2},"end":{"line":50,"column":8}},"5":{"start":{"line":40,"column":28},"end":{"line":40,"column":94}},"6":{"start":{"line":42,"column":6},"end":{"line":45,"column":7}},"7":{"start":{"line":43,"column":8},"end":{"line":43,"column":66}},"8":{"start":{"line":44,"column":8},"end":{"line":44,"column":64}},"9":{"start":{"line":46,"column":6},"end":{"line":46,"column":24}},"10":{"start":{"line":49,"column":4},"end":{"line":49,"column":22}},"11":{"start":{"line":52,"column":17},"end":{"line":62,"column":8}},"12":{"start":{"line":53,"column":21},"end":{"line":53,"column":68}},"13":{"start":{"line":55,"column":28},"end":{"line":55,"column":41}},"14":{"start":{"line":57,"column":4},"end":{"line":57,"column":62}},"15":{"start":{"line":59,"column":4},"end":{"line":59,"column":104}},"16":{"start":{"line":61,"column":4},"end":{"line":61,"column":29}},"17":{"start":{"line":64,"column":18},"end":{"line":67,"column":8}},"18":{"start":{"line":65,"column":4},"end":{"line":65,"column":74}},"19":{"start":{"line":66,"column":4},"end":{"line":66,"column":29}},"20":{"start":{"line":69,"column":21},"end":{"line":79,"column":3}},"21":{"start":{"line":71,"column":6},"end":{"line":71,"column":73}},"22":{"start":{"line":73,"column":6},"end":{"line":76,"column":9}},"23":{"start":{"line":81,"column":2},"end":{"line":85,"column":4}},"24":{"start":{"line":89,"column":18},"end":{"line":89,"column":41}},"25":{"start":{"line":91,"column":2},"end":{"line":93,"column":3}},"26":{"start":{"line":92,"column":4},"end":{"line":92,"column":67}},"27":{"start":{"line":94,"column":2},"end":{"line":94,"column":17}}},"fnMap":{"0":{"name":"(anonymous_0)","decl":{"start":{"line":34,"column":31},"end":{"line":34,"column":32}},"loc":{"start":{"line":34,"column":49},"end":{"line":86,"column":1}},"line":34},"1":{"name":"(anonymous_1)","decl":{"start":{"line":38,"column":12},"end":{"line":38,"column":13}},"loc":{"start":{"line":38,"column":18},"end":{"line":50,"column":3}},"line":38},"2":{"name":"loadStorageData","decl":{"start":{"line":39,"column":19},"end":{"line":39,"column":34}},"loc":{"start":{"line":39,"column":52},"end":{"line":47,"column":5}},"line":39},"3":{"name":"(anonymous_3)","decl":{"start":{"line":52,"column":29},"end":{"line":52,"column":30}},"loc":{"start":{"line":52,"column":60},"end":{"line":62,"column":3}},"line":52},"4":{"name":"(anonymous_4)","decl":{"start":{"line":64,"column":30},"end":{"line":64,"column":31}},"loc":{"start":{"line":64,"column":42},"end":{"line":67,"column":3}},"line":64},"5":{"name":"(anonymous_5)","decl":{"start":{"line":70,"column":4},"end":{"line":70,"column":5}},"loc":{"start":{"line":70,"column":26},"end":{"line":77,"column":5}},"line":70},"6":{"name":"useAuth","decl":{"start":{"line":88,"column":9},"end":{"line":88,"column":16}},"loc":{"start":{"line":88,"column":36},"end":{"line":95,"column":1}},"line":88}},"branchMap":{"0":{"loc":{"start":{"line":42,"column":6},"end":{"line":45,"column":7}},"type":"if","locations":[{"start":{"line":42,"column":6},"end":{"line":45,"column":7}},{"start":{"line":42,"column":6},"end":{"line":45,"column":7}}],"line":42},"1":{"loc":{"start":{"line":42,"column":10},"end":{"line":42,"column":29}},"type":"binary-expr","locations":[{"start":{"line":42,"column":10},"end":{"line":42,"column":18}},{"start":{"line":42,"column":22},"end":{"line":42,"column":29}}],"line":42},"2":{"loc":{"start":{"line":91,"column":2},"end":{"line":93,"column":3}},"type":"if","locations":[{"start":{"line":91,"column":2},"end":{"line":93,"column":3}},{"start":{"line":91,"column":2},"end":{"line":93,"column":3}}],"line":91}},"s":{"0":1,"1":1,"2":0,"3":0,"4":0,"5":0,"6":0,"7":0,"8":0,"9":0,"10":0,"11":0,"12":0,"13":0,"14":0,"15":0,"16":0,"17":0,"18":0,"19":0,"20":0,"21":0,"22":0,"23":0,"24":1,"25":1,"26":0,"27":1},"f":{"0":0,"1":0,"2":0,"3":0,"4":0,"5":0,"6":1},"b":{"0":[0,0],"1":[0,0],"2":[0,1]},"_coverageSchema":"1a1c01bbd47fc00a2c39e90264f33305004495a9","hash":"77f89dff4a395c33986a9c5b737f62b3a49e4896"}
,"/home/olimpiossdx/Documentos/projetos-exemplos/GoStack/appgobarber/src/pages/AppointmentCreated/index.tsx": {"path":"/home/olimpiossdx/Documentos/projetos-exemplos/GoStack/appgobarber/src/pages/AppointmentCreated/index.tsx","statementMap":{"0":{"start":{"line":13,"column":33},"end":{"line":38,"column":1}},"1":{"start":{"line":14,"column":20},"end":{"line":14,"column":35}},"2":{"start":{"line":15,"column":21},"end":{"line":15,"column":31}},"3":{"start":{"line":17,"column":22},"end":{"line":17,"column":43}},"4":{"start":{"line":20,"column":26},"end":{"line":22,"column":13}},"5":{"start":{"line":21,"column":4},"end":{"line":21,"column":57}},"6":{"start":{"line":24,"column":24},"end":{"line":26,"column":19}},"7":{"start":{"line":25,"column":4},"end":{"line":25,"column":105}},"8":{"start":{"line":28,"column":2},"end":{"line":37,"column":3}}},"fnMap":{"0":{"name":"(anonymous_0)","decl":{"start":{"line":13,"column":33},"end":{"line":13,"column":34}},"loc":{"start":{"line":13,"column":39},"end":{"line":38,"column":1}},"line":13},"1":{"name":"(anonymous_1)","decl":{"start":{"line":20,"column":38},"end":{"line":20,"column":39}},"loc":{"start":{"line":20,"column":44},"end":{"line":22,"column":3}},"line":20},"2":{"name":"(anonymous_2)","decl":{"start":{"line":24,"column":32},"end":{"line":24,"column":33}},"loc":{"start":{"line":24,"column":38},"end":{"line":26,"column":3}},"line":24}},"branchMap":{},"s":{"0":0,"1":0,"2":0,"3":0,"4":0,"5":0,"6":0,"7":0,"8":0},"f":{"0":0,"1":0,"2":0},"b":{}}
,"/home/olimpiossdx/Documentos/projetos-exemplos/GoStack/appgobarber/src/pages/CreateAppointment/index.tsx": {"path":"/home/olimpiossdx/Documentos/projetos-exemplos/GoStack/appgobarber/src/pages/CreateAppointment/index.tsx","statementMap":{"0":{"start":{"line":34,"column":26},"end":{"line":210,"column":1}},"1":{"start":{"line":35,"column":19},"end":{"line":35,"column":28}},"2":{"start":{"line":36,"column":16},"end":{"line":36,"column":26}},"3":{"start":{"line":37,"column":31},"end":{"line":37,"column":46}},"4":{"start":{"line":38,"column":22},"end":{"line":38,"column":48}},"5":{"start":{"line":40,"column":42},"end":{"line":40,"column":74}},"6":{"start":{"line":41,"column":36},"end":{"line":41,"column":60}},"7":{"start":{"line":42,"column":50},"end":{"line":42,"column":82}},"8":{"start":{"line":43,"column":46},"end":{"line":43,"column":61}},"9":{"start":{"line":44,"column":42},"end":{"line":44,"column":68}},"10":{"start":{"line":45,"column":42},"end":{"line":45,"column":61}},"11":{"start":{"line":47,"column":2},"end":{"line":51,"column":9}},"12":{"start":{"line":48,"column":4},"end":{"line":50,"column":6}},"13":{"start":{"line":49,"column":6},"end":{"line":49,"column":34}},"14":{"start":{"line":53,"column":2},"end":{"line":63,"column":39}},"15":{"start":{"line":54,"column":4},"end":{"line":62,"column":6}},"16":{"start":{"line":61,"column":6},"end":{"line":61,"column":37}},"17":{"start":{"line":66,"column":23},"end":{"line":68,"column":14}},"18":{"start":{"line":67,"column":4},"end":{"line":67,"column":12}},"19":{"start":{"line":70,"column":33},"end":{"line":72,"column":8}},"20":{"start":{"line":71,"column":4},"end":{"line":71,"column":36}},"21":{"start":{"line":74,"column":33},"end":{"line":76,"column":8}},"22":{"start":{"line":75,"column":4},"end":{"line":75,"column":41}},"23":{"start":{"line":75,"column":33},"end":{"line":75,"column":39}},"24":{"start":{"line":78,"column":28},"end":{"line":85,"column":8}},"25":{"start":{"line":79,"column":4},"end":{"line":81,"column":5}},"26":{"start":{"line":80,"column":6},"end":{"line":80,"column":31}},"27":{"start":{"line":82,"column":4},"end":{"line":84,"column":5}},"28":{"start":{"line":83,"column":6},"end":{"line":83,"column":28}},"29":{"start":{"line":87,"column":30},"end":{"line":95,"column":20}},"30":{"start":{"line":88,"column":4},"end":{"line":94,"column":10}},"31":{"start":{"line":88,"column":45},"end":{"line":88,"column":54}},"32":{"start":{"line":90,"column":7},"end":{"line":94,"column":7}},"33":{"start":{"line":97,"column":32},"end":{"line":105,"column":20}},"34":{"start":{"line":98,"column":4},"end":{"line":104,"column":10}},"35":{"start":{"line":98,"column":45},"end":{"line":98,"column":55}},"36":{"start":{"line":100,"column":7},"end":{"line":104,"column":7}},"37":{"start":{"line":107,"column":27},"end":{"line":109,"column":8}},"38":{"start":{"line":108,"column":4},"end":{"line":108,"column":25}},"39":{"start":{"line":111,"column":33},"end":{"line":123,"column":62}},"40":{"start":{"line":112,"column":4},"end":{"line":122,"column":5}},"41":{"start":{"line":113,"column":19},"end":{"line":113,"column":41}},"42":{"start":{"line":115,"column":6},"end":{"line":115,"column":34}},"43":{"start":{"line":116,"column":6},"end":{"line":116,"column":25}},"44":{"start":{"line":117,"column":6},"end":{"line":117,"column":78}},"45":{"start":{"line":119,"column":6},"end":{"line":119,"column":63}},"46":{"start":{"line":121,"column":6},"end":{"line":121,"column":113}},"47":{"start":{"line":125,"column":2},"end":{"line":209,"column":3}},"48":{"start":{"line":128,"column":37},"end":{"line":128,"column":51}},"49":{"start":{"line":141,"column":38},"end":{"line":141,"column":49}},"50":{"start":{"line":143,"column":14},"end":{"line":146,"column":34}},"51":{"start":{"line":143,"column":92},"end":{"line":143,"column":127}},"52":{"start":{"line":172,"column":15},"end":{"line":182,"column":21}},"53":{"start":{"line":177,"column":31},"end":{"line":177,"column":53}},"54":{"start":{"line":190,"column":15},"end":{"line":199,"column":21}},"55":{"start":{"line":195,"column":31},"end":{"line":195,"column":53}}},"fnMap":{"0":{"name":"(anonymous_0)","decl":{"start":{"line":34,"column":26},"end":{"line":34,"column":27}},"loc":{"start":{"line":34,"column":32},"end":{"line":210,"column":1}},"line":34},"1":{"name":"(anonymous_1)","decl":{"start":{"line":47,"column":12},"end":{"line":47,"column":13}},"loc":{"start":{"line":47,"column":18},"end":{"line":51,"column":3}},"line":47},"2":{"name":"(anonymous_2)","decl":{"start":{"line":48,"column":30},"end":{"line":48,"column":31}},"loc":{"start":{"line":48,"column":42},"end":{"line":50,"column":5}},"line":48},"3":{"name":"(anonymous_3)","decl":{"start":{"line":53,"column":12},"end":{"line":53,"column":13}},"loc":{"start":{"line":53,"column":18},"end":{"line":63,"column":3}},"line":53},"4":{"name":"(anonymous_4)","decl":{"start":{"line":60,"column":12},"end":{"line":60,"column":13}},"loc":{"start":{"line":60,"column":24},"end":{"line":62,"column":5}},"line":60},"5":{"name":"(anonymous_5)","decl":{"start":{"line":66,"column":35},"end":{"line":66,"column":36}},"loc":{"start":{"line":66,"column":41},"end":{"line":68,"column":3}},"line":66},"6":{"name":"(anonymous_6)","decl":{"start":{"line":70,"column":45},"end":{"line":70,"column":46}},"loc":{"start":{"line":70,"column":69},"end":{"line":72,"column":3}},"line":70},"7":{"name":"(anonymous_7)","decl":{"start":{"line":74,"column":45},"end":{"line":74,"column":46}},"loc":{"start":{"line":74,"column":51},"end":{"line":76,"column":3}},"line":74},"8":{"name":"(anonymous_8)","decl":{"start":{"line":75,"column":22},"end":{"line":75,"column":23}},"loc":{"start":{"line":75,"column":33},"end":{"line":75,"column":39}},"line":75},"9":{"name":"(anonymous_9)","decl":{"start":{"line":78,"column":40},"end":{"line":78,"column":41}},"loc":{"start":{"line":78,"column":79},"end":{"line":85,"column":3}},"line":78},"10":{"name":"(anonymous_10)","decl":{"start":{"line":87,"column":38},"end":{"line":87,"column":39}},"loc":{"start":{"line":87,"column":44},"end":{"line":95,"column":3}},"line":87},"11":{"name":"(anonymous_11)","decl":{"start":{"line":88,"column":31},"end":{"line":88,"column":32}},"loc":{"start":{"line":88,"column":45},"end":{"line":88,"column":54}},"line":88},"12":{"name":"(anonymous_12)","decl":{"start":{"line":89,"column":11},"end":{"line":89,"column":12}},"loc":{"start":{"line":90,"column":7},"end":{"line":94,"column":7}},"line":90},"13":{"name":"(anonymous_13)","decl":{"start":{"line":97,"column":40},"end":{"line":97,"column":41}},"loc":{"start":{"line":97,"column":46},"end":{"line":105,"column":3}},"line":97},"14":{"name":"(anonymous_14)","decl":{"start":{"line":98,"column":31},"end":{"line":98,"column":32}},"loc":{"start":{"line":98,"column":45},"end":{"line":98,"column":55}},"line":98},"15":{"name":"(anonymous_15)","decl":{"start":{"line":99,"column":11},"end":{"line":99,"column":12}},"loc":{"start":{"line":100,"column":7},"end":{"line":104,"column":7}},"line":100},"16":{"name":"(anonymous_16)","decl":{"start":{"line":107,"column":39},"end":{"line":107,"column":40}},"loc":{"start":{"line":107,"column":57},"end":{"line":109,"column":3}},"line":107},"17":{"name":"(anonymous_17)","decl":{"start":{"line":111,"column":45},"end":{"line":111,"column":46}},"loc":{"start":{"line":111,"column":57},"end":{"line":123,"column":3}},"line":111},"18":{"name":"(anonymous_18)","decl":{"start":{"line":128,"column":29},"end":{"line":128,"column":30}},"loc":{"start":{"line":128,"column":35},"end":{"line":128,"column":53}},"line":128},"19":{"name":"(anonymous_19)","decl":{"start":{"line":141,"column":26},"end":{"line":141,"column":27}},"loc":{"start":{"line":141,"column":38},"end":{"line":141,"column":49}},"line":141},"20":{"name":"(anonymous_20)","decl":{"start":{"line":142,"column":24},"end":{"line":142,"column":25}},"loc":{"start":{"line":143,"column":14},"end":{"line":146,"column":34}},"line":143},"21":{"name":"(anonymous_21)","decl":{"start":{"line":143,"column":86},"end":{"line":143,"column":87}},"loc":{"start":{"line":143,"column":92},"end":{"line":143,"column":127}},"line":143},"22":{"name":"(anonymous_22)","decl":{"start":{"line":171,"column":39},"end":{"line":171,"column":40}},"loc":{"start":{"line":172,"column":15},"end":{"line":182,"column":21}},"line":172},"23":{"name":"(anonymous_23)","decl":{"start":{"line":177,"column":25},"end":{"line":177,"column":26}},"loc":{"start":{"line":177,"column":31},"end":{"line":177,"column":53}},"line":177},"24":{"name":"(anonymous_24)","decl":{"start":{"line":189,"column":41},"end":{"line":189,"column":42}},"loc":{"start":{"line":190,"column":15},"end":{"line":199,"column":21}},"line":190},"25":{"name":"(anonymous_25)","decl":{"start":{"line":195,"column":25},"end":{"line":195,"column":26}},"loc":{"start":{"line":195,"column":31},"end":{"line":195,"column":53}},"line":195}},"branchMap":{"0":{"loc":{"start":{"line":79,"column":4},"end":{"line":81,"column":5}},"type":"if","locations":[{"start":{"line":79,"column":4},"end":{"line":81,"column":5}},{"start":{"line":79,"column":4},"end":{"line":81,"column":5}}],"line":79},"1":{"loc":{"start":{"line":82,"column":4},"end":{"line":84,"column":5}},"type":"if","locations":[{"start":{"line":82,"column":4},"end":{"line":84,"column":5}},{"start":{"line":82,"column":4},"end":{"line":84,"column":5}}],"line":82},"2":{"loc":{"start":{"line":156,"column":11},"end":{"line":162,"column":13}},"type":"binary-expr","locations":[{"start":{"line":156,"column":11},"end":{"line":156,"column":25}},{"start":{"line":156,"column":30},"end":{"line":162,"column":12}}],"line":156},"3":{"loc":{"start":{"line":157,"column":17},"end":{"line":157,"column":66}},"type":"binary-expr","locations":[{"start":{"line":157,"column":17},"end":{"line":157,"column":38}},{"start":{"line":157,"column":42},"end":{"line":157,"column":66}}],"line":157},"4":{"loc":{"start":{"line":159,"column":21},"end":{"line":159,"column":71}},"type":"cond-expr","locations":[{"start":{"line":159,"column":49},"end":{"line":159,"column":59}},{"start":{"line":159,"column":62},"end":{"line":159,"column":71}}],"line":159}},"s":{"0":0,"1":0,"2":0,"3":0,"4":0,"5":0,"6":0,"7":0,"8":0,"9":0,"10":0,"11":0,"12":0,"13":0,"14":0,"15":0,"16":0,"17":0,"18":0,"19":0,"20":0,"21":0,"22":0,"23":0,"24":0,"25":0,"26":0,"27":0,"28":0,"29":0,"30":0,"31":0,"32":0,"33":0,"34":0,"35":0,"36":0,"37":0,"38":0,"39":0,"40":0,"41":0,"42":0,"43":0,"44":0,"45":0,"46":0,"47":0,"48":0,"49":0,"50":0,"51":0,"52":0,"53":0,"54":0,"55":0},"f":{"0":0,"1":0,"2":0,"3":0,"4":0,"5":0,"6":0,"7":0,"8":0,"9":0,"10":0,"11":0,"12":0,"13":0,"14":0,"15":0,"16":0,"17":0,"18":0,"19":0,"20":0,"21":0,"22":0,"23":0,"24":0,"25":0},"b":{"0":[0,0],"1":[0,0],"2":[0,0],"3":[0,0],"4":[0,0]}}
,"/home/olimpiossdx/Documentos/projetos-exemplos/GoStack/appgobarber/src/pages/Dashboard/index.tsx": {"path":"/home/olimpiossdx/Documentos/projetos-exemplos/GoStack/appgobarber/src/pages/Dashboard/index.tsx","statementMap":{"0":{"start":{"line":18,"column":28},"end":{"line":70,"column":1}},"1":{"start":{"line":19,"column":36},"end":{"line":19,"column":60}},"2":{"start":{"line":20,"column":19},"end":{"line":20,"column":28}},"3":{"start":{"line":21,"column":23},"end":{"line":21,"column":38}},"4":{"start":{"line":23,"column":2},"end":{"line":27,"column":8}},"5":{"start":{"line":24,"column":4},"end":{"line":26,"column":6}},"6":{"start":{"line":25,"column":6},"end":{"line":25,"column":34}},"7":{"start":{"line":29,"column":28},"end":{"line":31,"column":16}},"8":{"start":{"line":30,"column":4},"end":{"line":30,"column":24}},"9":{"start":{"line":33,"column":38},"end":{"line":35,"column":16}},"10":{"start":{"line":34,"column":4},"end":{"line":34,"column":50}},"11":{"start":{"line":37,"column":2},"end":{"line":69,"column":3}},"12":{"start":{"line":50,"column":36},"end":{"line":50,"column":47}},"13":{"start":{"line":53,"column":9},"end":{"line":66,"column":28}},"14":{"start":{"line":53,"column":43},"end":{"line":53,"column":83}}},"fnMap":{"0":{"name":"(anonymous_0)","decl":{"start":{"line":18,"column":28},"end":{"line":18,"column":29}},"loc":{"start":{"line":18,"column":34},"end":{"line":70,"column":1}},"line":18},"1":{"name":"(anonymous_1)","decl":{"start":{"line":23,"column":12},"end":{"line":23,"column":13}},"loc":{"start":{"line":23,"column":18},"end":{"line":27,"column":3}},"line":23},"2":{"name":"(anonymous_2)","decl":{"start":{"line":24,"column":30},"end":{"line":24,"column":31}},"loc":{"start":{"line":24,"column":42},"end":{"line":26,"column":5}},"line":24},"3":{"name":"(anonymous_3)","decl":{"start":{"line":29,"column":40},"end":{"line":29,"column":41}},"loc":{"start":{"line":29,"column":46},"end":{"line":31,"column":3}},"line":29},"4":{"name":"(anonymous_4)","decl":{"start":{"line":33,"column":50},"end":{"line":33,"column":51}},"loc":{"start":{"line":33,"column":74},"end":{"line":35,"column":3}},"line":33},"5":{"name":"(anonymous_5)","decl":{"start":{"line":50,"column":22},"end":{"line":50,"column":23}},"loc":{"start":{"line":50,"column":36},"end":{"line":50,"column":47}},"line":50},"6":{"name":"(anonymous_6)","decl":{"start":{"line":52,"column":20},"end":{"line":52,"column":21}},"loc":{"start":{"line":53,"column":9},"end":{"line":66,"column":28}},"line":53},"7":{"name":"(anonymous_7)","decl":{"start":{"line":53,"column":37},"end":{"line":53,"column":38}},"loc":{"start":{"line":53,"column":43},"end":{"line":53,"column":83}},"line":53}},"branchMap":{},"s":{"0":0,"1":0,"2":0,"3":0,"4":0,"5":0,"6":0,"7":0,"8":0,"9":0,"10":0,"11":0,"12":0,"13":0,"14":0},"f":{"0":0,"1":0,"2":0,"3":0,"4":0,"5":0,"6":0,"7":0},"b":{}}
,"/home/olimpiossdx/Documentos/projetos-exemplos/GoStack/appgobarber/src/pages/Profile/index.tsx": {"path":"/home/olimpiossdx/Documentos/projetos-exemplos/GoStack/appgobarber/src/pages/Profile/index.tsx","statementMap":{"0":{"start":{"line":27,"column":16},"end":{"line":227,"column":1}},"1":{"start":{"line":28,"column":18},"end":{"line":28,"column":43}},"2":{"start":{"line":29,"column":39},"end":{"line":29,"column":48}},"3":{"start":{"line":30,"column":24},"end":{"line":30,"column":47}},"4":{"start":{"line":31,"column":30},"end":{"line":31,"column":53}},"5":{"start":{"line":32,"column":27},"end":{"line":32,"column":50}},"6":{"start":{"line":33,"column":34},"end":{"line":33,"column":57}},"7":{"start":{"line":34,"column":21},"end":{"line":34,"column":36}},"8":{"start":{"line":36,"column":23},"end":{"line":102,"column":32}},"9":{"start":{"line":38,"column":6},"end":{"line":101,"column":7}},"10":{"start":{"line":39,"column":8},"end":{"line":39,"column":39}},"11":{"start":{"line":41,"column":23},"end":{"line":59,"column":10}},"12":{"start":{"line":48,"column":33},"end":{"line":48,"column":45}},"13":{"start":{"line":54,"column":35},"end":{"line":54,"column":47}},"14":{"start":{"line":61,"column":8},"end":{"line":61,"column":59}},"15":{"start":{"line":69,"column":12},"end":{"line":69,"column":16}},"16":{"start":{"line":70,"column":25},"end":{"line":80,"column":9}},"17":{"start":{"line":82,"column":25},"end":{"line":82,"column":60}},"18":{"start":{"line":84,"column":8},"end":{"line":84,"column":34}},"19":{"start":{"line":86,"column":8},"end":{"line":86,"column":54}},"20":{"start":{"line":88,"column":8},"end":{"line":88,"column":28}},"21":{"start":{"line":91,"column":8},"end":{"line":95,"column":9}},"22":{"start":{"line":92,"column":25},"end":{"line":92,"column":50}},"23":{"start":{"line":93,"column":10},"end":{"line":93,"column":45}},"24":{"start":{"line":94,"column":10},"end":{"line":94,"column":17}},"25":{"start":{"line":96,"column":8},"end":{"line":99,"column":9}},"26":{"start":{"line":97,"column":10},"end":{"line":97,"column":86}},"27":{"start":{"line":97,"column":87},"end":{"line":97,"column":89}},"28":{"start":{"line":98,"column":10},"end":{"line":98,"column":17}},"29":{"start":{"line":100,"column":8},"end":{"line":100,"column":115}},"30":{"start":{"line":104,"column":23},"end":{"line":106,"column":18}},"31":{"start":{"line":105,"column":4},"end":{"line":105,"column":24}},"32":{"start":{"line":108,"column":29},"end":{"line":136,"column":27}},"33":{"start":{"line":109,"column":4},"end":{"line":135,"column":6}},"34":{"start":{"line":115,"column":6},"end":{"line":118,"column":7}},"35":{"start":{"line":116,"column":8},"end":{"line":116,"column":15}},"36":{"start":{"line":119,"column":6},"end":{"line":122,"column":7}},"37":{"start":{"line":120,"column":8},"end":{"line":120,"column":52}},"38":{"start":{"line":121,"column":8},"end":{"line":121,"column":15}},"39":{"start":{"line":124,"column":19},"end":{"line":124,"column":33}},"40":{"start":{"line":126,"column":6},"end":{"line":130,"column":9}},"41":{"start":{"line":132,"column":6},"end":{"line":134,"column":9}},"42":{"start":{"line":133,"column":8},"end":{"line":133,"column":37}},"43":{"start":{"line":138,"column":2},"end":{"line":226,"column":6}},"44":{"start":{"line":166,"column":16},"end":{"line":166,"column":47}},"45":{"start":{"line":179,"column":16},"end":{"line":179,"column":53}},"46":{"start":{"line":192,"column":16},"end":{"line":192,"column":50}},"47":{"start":{"line":203,"column":16},"end":{"line":203,"column":57}},"48":{"start":{"line":214,"column":16},"end":{"line":214,"column":46}},"49":{"start":{"line":218,"column":14},"end":{"line":218,"column":44}}},"fnMap":{"0":{"name":"(anonymous_0)","decl":{"start":{"line":27,"column":16},"end":{"line":27,"column":17}},"loc":{"start":{"line":27,"column":22},"end":{"line":227,"column":1}},"line":27},"1":{"name":"(anonymous_1)","decl":{"start":{"line":37,"column":4},"end":{"line":37,"column":5}},"loc":{"start":{"line":37,"column":79},"end":{"line":102,"column":5}},"line":37},"2":{"name":"(anonymous_2)","decl":{"start":{"line":48,"column":16},"end":{"line":48,"column":17}},"loc":{"start":{"line":48,"column":33},"end":{"line":48,"column":45}},"line":48},"3":{"name":"(anonymous_3)","decl":{"start":{"line":54,"column":18},"end":{"line":54,"column":19}},"loc":{"start":{"line":54,"column":35},"end":{"line":54,"column":47}},"line":54},"4":{"name":"(anonymous_4)","decl":{"start":{"line":104,"column":35},"end":{"line":104,"column":36}},"loc":{"start":{"line":104,"column":41},"end":{"line":106,"column":3}},"line":104},"5":{"name":"(anonymous_5)","decl":{"start":{"line":108,"column":41},"end":{"line":108,"column":42}},"loc":{"start":{"line":108,"column":47},"end":{"line":136,"column":3}},"line":108},"6":{"name":"(anonymous_6)","decl":{"start":{"line":114,"column":7},"end":{"line":114,"column":8}},"loc":{"start":{"line":114,"column":19},"end":{"line":135,"column":5}},"line":114},"7":{"name":"(anonymous_7)","decl":{"start":{"line":132,"column":43},"end":{"line":132,"column":44}},"loc":{"start":{"line":132,"column":58},"end":{"line":134,"column":7}},"line":132},"8":{"name":"(anonymous_8)","decl":{"start":{"line":165,"column":31},"end":{"line":165,"column":32}},"loc":{"start":{"line":165,"column":37},"end":{"line":167,"column":15}},"line":165},"9":{"name":"(anonymous_9)","decl":{"start":{"line":178,"column":31},"end":{"line":178,"column":32}},"loc":{"start":{"line":178,"column":37},"end":{"line":180,"column":15}},"line":178},"10":{"name":"(anonymous_10)","decl":{"start":{"line":191,"column":31},"end":{"line":191,"column":32}},"loc":{"start":{"line":191,"column":37},"end":{"line":193,"column":15}},"line":191},"11":{"name":"(anonymous_11)","decl":{"start":{"line":202,"column":31},"end":{"line":202,"column":32}},"loc":{"start":{"line":202,"column":37},"end":{"line":204,"column":15}},"line":202},"12":{"name":"(anonymous_12)","decl":{"start":{"line":213,"column":31},"end":{"line":213,"column":32}},"loc":{"start":{"line":213,"column":37},"end":{"line":215,"column":15}},"line":213},"13":{"name":"(anonymous_13)","decl":{"start":{"line":217,"column":29},"end":{"line":217,"column":30}},"loc":{"start":{"line":217,"column":35},"end":{"line":219,"column":13}},"line":217}},"branchMap":{"0":{"loc":{"start":{"line":73,"column":14},"end":{"line":79,"column":16}},"type":"cond-expr","locations":[{"start":{"line":74,"column":14},"end":{"line":78,"column":13}},{"start":{"line":79,"column":14},"end":{"line":79,"column":16}}],"line":73},"1":{"loc":{"start":{"line":91,"column":8},"end":{"line":95,"column":9}},"type":"if","locations":[{"start":{"line":91,"column":8},"end":{"line":95,"column":9}},{"start":{"line":91,"column":8},"end":{"line":95,"column":9}}],"line":91},"2":{"loc":{"start":{"line":96,"column":8},"end":{"line":99,"column":9}},"type":"if","locations":[{"start":{"line":96,"column":8},"end":{"line":99,"column":9}},{"start":{"line":96,"column":8},"end":{"line":99,"column":9}}],"line":96},"3":{"loc":{"start":{"line":115,"column":6},"end":{"line":118,"column":7}},"type":"if","locations":[{"start":{"line":115,"column":6},"end":{"line":118,"column":7}},{"start":{"line":115,"column":6},"end":{"line":118,"column":7}}],"line":115},"4":{"loc":{"start":{"line":119,"column":6},"end":{"line":122,"column":7}},"type":"if","locations":[{"start":{"line":119,"column":6},"end":{"line":122,"column":7}},{"start":{"line":119,"column":6},"end":{"line":122,"column":7}}],"line":119},"5":{"loc":{"start":{"line":141,"column":16},"end":{"line":141,"column":60}},"type":"cond-expr","locations":[{"start":{"line":141,"column":39},"end":{"line":141,"column":48}},{"start":{"line":141,"column":51},"end":{"line":141,"column":60}}],"line":141}},"s":{"0":0,"1":0,"2":0,"3":0,"4":0,"5":0,"6":0,"7":0,"8":0,"9":0,"10":0,"11":0,"12":0,"13":0,"14":0,"15":0,"16":0,"17":0,"18":0,"19":0,"20":0,"21":0,"22":0,"23":0,"24":0,"25":0,"26":0,"27":0,"28":0,"29":0,"30":0,"31":0,"32":0,"33":0,"34":0,"35":0,"36":0,"37":0,"38":0,"39":0,"40":0,"41":0,"42":0,"43":0,"44":0,"45":0,"46":0,"47":0,"48":0,"49":0},"f":{"0":0,"1":0,"2":0,"3":0,"4":0,"5":0,"6":0,"7":0,"8":0,"9":0,"10":0,"11":0,"12":0,"13":0},"b":{"0":[0,0],"1":[0,0],"2":[0,0],"3":[0,0],"4":[0,0],"5":[0,0]}}
,"/home/olimpiossdx/Documentos/projetos-exemplos/GoStack/appgobarber/src/pages/SignIn/index.tsx": {"path":"/home/olimpiossdx/Documentos/projetos-exemplos/GoStack/appgobarber/src/pages/SignIn/index.tsx","statementMap":{"0":{"start":{"line":21,"column":15},"end":{"line":109,"column":1}},"1":{"start":{"line":22,"column":18},"end":{"line":22,"column":43}},"2":{"start":{"line":23,"column":21},"end":{"line":23,"column":30}},"3":{"start":{"line":24,"column":27},"end":{"line":24,"column":50}},"4":{"start":{"line":25,"column":21},"end":{"line":25,"column":36}},"5":{"start":{"line":27,"column":23},"end":{"line":53,"column":16}},"6":{"start":{"line":29,"column":6},"end":{"line":52,"column":7}},"7":{"start":{"line":30,"column":8},"end":{"line":30,"column":39}},"8":{"start":{"line":32,"column":23},"end":{"line":37,"column":10}},"9":{"start":{"line":39,"column":8},"end":{"line":39,"column":59}},"10":{"start":{"line":41,"column":8},"end":{"line":41,"column":69}},"11":{"start":{"line":45,"column":8},"end":{"line":49,"column":9}},"12":{"start":{"line":46,"column":25},"end":{"line":46,"column":50}},"13":{"start":{"line":47,"column":10},"end":{"line":47,"column":45}},"14":{"start":{"line":48,"column":10},"end":{"line":48,"column":17}},"15":{"start":{"line":51,"column":8},"end":{"line":51,"column":103}},"16":{"start":{"line":55,"column":2},"end":{"line":108,"column":6}},"17":{"start":{"line":75,"column":16},"end":{"line":75,"column":50}},"18":{"start":{"line":87,"column":16},"end":{"line":87,"column":46}},"19":{"start":{"line":91,"column":14},"end":{"line":91,"column":44}},"20":{"start":{"line":95,"column":43},"end":{"line":95,"column":70}},"21":{"start":{"line":104,"column":46},"end":{"line":104,"column":75}}},"fnMap":{"0":{"name":"(anonymous_0)","decl":{"start":{"line":21,"column":15},"end":{"line":21,"column":16}},"loc":{"start":{"line":21,"column":21},"end":{"line":109,"column":1}},"line":21},"1":{"name":"(anonymous_1)","decl":{"start":{"line":28,"column":4},"end":{"line":28,"column":5}},"loc":{"start":{"line":28,"column":79},"end":{"line":53,"column":5}},"line":28},"2":{"name":"(anonymous_2)","decl":{"start":{"line":74,"column":31},"end":{"line":74,"column":32}},"loc":{"start":{"line":74,"column":37},"end":{"line":76,"column":15}},"line":74},"3":{"name":"(anonymous_3)","decl":{"start":{"line":86,"column":31},"end":{"line":86,"column":32}},"loc":{"start":{"line":86,"column":37},"end":{"line":88,"column":15}},"line":86},"4":{"name":"(anonymous_4)","decl":{"start":{"line":90,"column":29},"end":{"line":90,"column":30}},"loc":{"start":{"line":90,"column":35},"end":{"line":92,"column":13}},"line":90},"5":{"name":"(anonymous_5)","decl":{"start":{"line":95,"column":35},"end":{"line":95,"column":36}},"loc":{"start":{"line":95,"column":41},"end":{"line":95,"column":72}},"line":95},"6":{"name":"(anonymous_6)","decl":{"start":{"line":104,"column":40},"end":{"line":104,"column":41}},"loc":{"start":{"line":104,"column":46},"end":{"line":104,"column":75}},"line":104}},"branchMap":{"0":{"loc":{"start":{"line":45,"column":8},"end":{"line":49,"column":9}},"type":"if","locations":[{"start":{"line":45,"column":8},"end":{"line":49,"column":9}},{"start":{"line":45,"column":8},"end":{"line":49,"column":9}}],"line":45},"1":{"loc":{"start":{"line":56,"column":56},"end":{"line":56,"column":100}},"type":"cond-expr","locations":[{"start":{"line":56,"column":79},"end":{"line":56,"column":88}},{"start":{"line":56,"column":91},"end":{"line":56,"column":100}}],"line":56}},"s":{"0":1,"1":1,"2":1,"3":1,"4":1,"5":1,"6":0,"7":0,"8":0,"9":0,"10":0,"11":0,"12":0,"13":0,"14":0,"15":0,"16":1,"17":0,"18":0,"19":0,"20":0,"21":0},"f":{"0":1,"1":0,"2":0,"3":0,"4":0,"5":0,"6":0},"b":{"0":[0,0],"1":[1,0]},"_coverageSchema":"1a1c01bbd47fc00a2c39e90264f33305004495a9","hash":"7085577ebb1ea5473d577e00e7698fbb54a7bc23"}
,"/home/olimpiossdx/Documentos/projetos-exemplos/GoStack/appgobarber/src/pages/SignUp/index.tsx": {"path":"/home/olimpiossdx/Documentos/projetos-exemplos/GoStack/appgobarber/src/pages/SignUp/index.tsx","statementMap":{"0":{"start":{"line":23,"column":15},"end":{"line":131,"column":1}},"1":{"start":{"line":24,"column":18},"end":{"line":24,"column":43}},"2":{"start":{"line":25,"column":27},"end":{"line":25,"column":50}},"3":{"start":{"line":26,"column":24},"end":{"line":26,"column":47}},"4":{"start":{"line":27,"column":21},"end":{"line":27,"column":36}},"5":{"start":{"line":29,"column":23},"end":{"line":61,"column":20}},"6":{"start":{"line":31,"column":6},"end":{"line":60,"column":7}},"7":{"start":{"line":32,"column":8},"end":{"line":32,"column":39}},"8":{"start":{"line":34,"column":23},"end":{"line":40,"column":10}},"9":{"start":{"line":41,"column":8},"end":{"line":41,"column":59}},"10":{"start":{"line":43,"column":8},"end":{"line":43,"column":39}},"11":{"start":{"line":45,"column":8},"end":{"line":45,"column":99}},"12":{"start":{"line":47,"column":8},"end":{"line":47,"column":28}},"13":{"start":{"line":50,"column":8},"end":{"line":54,"column":9}},"14":{"start":{"line":51,"column":25},"end":{"line":51,"column":50}},"15":{"start":{"line":52,"column":10},"end":{"line":52,"column":45}},"16":{"start":{"line":53,"column":10},"end":{"line":53,"column":17}},"17":{"start":{"line":55,"column":8},"end":{"line":58,"column":9}},"18":{"start":{"line":56,"column":10},"end":{"line":56,"column":73}},"19":{"start":{"line":56,"column":74},"end":{"line":56,"column":76}},"20":{"start":{"line":57,"column":10},"end":{"line":57,"column":17}},"21":{"start":{"line":59,"column":8},"end":{"line":59,"column":96}},"22":{"start":{"line":63,"column":2},"end":{"line":130,"column":6}},"23":{"start":{"line":85,"column":16},"end":{"line":85,"column":47}},"24":{"start":{"line":98,"column":16},"end":{"line":98,"column":50}},"25":{"start":{"line":111,"column":16},"end":{"line":111,"column":46}},"26":{"start":{"line":116,"column":14},"end":{"line":116,"column":44}},"27":{"start":{"line":126,"column":39},"end":{"line":126,"column":58}}},"fnMap":{"0":{"name":"(anonymous_0)","decl":{"start":{"line":23,"column":15},"end":{"line":23,"column":16}},"loc":{"start":{"line":23,"column":21},"end":{"line":131,"column":1}},"line":23},"1":{"name":"(anonymous_1)","decl":{"start":{"line":30,"column":4},"end":{"line":30,"column":5}},"loc":{"start":{"line":30,"column":79},"end":{"line":61,"column":5}},"line":30},"2":{"name":"(anonymous_2)","decl":{"start":{"line":84,"column":31},"end":{"line":84,"column":32}},"loc":{"start":{"line":84,"column":37},"end":{"line":86,"column":15}},"line":84},"3":{"name":"(anonymous_3)","decl":{"start":{"line":97,"column":31},"end":{"line":97,"column":32}},"loc":{"start":{"line":97,"column":37},"end":{"line":99,"column":15}},"line":97},"4":{"name":"(anonymous_4)","decl":{"start":{"line":110,"column":31},"end":{"line":110,"column":32}},"loc":{"start":{"line":110,"column":37},"end":{"line":112,"column":15}},"line":110},"5":{"name":"(anonymous_5)","decl":{"start":{"line":115,"column":29},"end":{"line":115,"column":30}},"loc":{"start":{"line":115,"column":35},"end":{"line":117,"column":13}},"line":115},"6":{"name":"(anonymous_6)","decl":{"start":{"line":126,"column":33},"end":{"line":126,"column":34}},"loc":{"start":{"line":126,"column":39},"end":{"line":126,"column":58}},"line":126}},"branchMap":{"0":{"loc":{"start":{"line":50,"column":8},"end":{"line":54,"column":9}},"type":"if","locations":[{"start":{"line":50,"column":8},"end":{"line":54,"column":9}},{"start":{"line":50,"column":8},"end":{"line":54,"column":9}}],"line":50},"1":{"loc":{"start":{"line":55,"column":8},"end":{"line":58,"column":9}},"type":"if","locations":[{"start":{"line":55,"column":8},"end":{"line":58,"column":9}},{"start":{"line":55,"column":8},"end":{"line":58,"column":9}}],"line":55},"2":{"loc":{"start":{"line":66,"column":16},"end":{"line":66,"column":60}},"type":"cond-expr","locations":[{"start":{"line":66,"column":39},"end":{"line":66,"column":48}},{"start":{"line":66,"column":51},"end":{"line":66,"column":60}}],"line":66}},"s":{"0":0,"1":0,"2":0,"3":0,"4":0,"5":0,"6":0,"7":0,"8":0,"9":0,"10":0,"11":0,"12":0,"13":0,"14":0,"15":0,"16":0,"17":0,"18":0,"19":0,"20":0,"21":0,"22":0,"23":0,"24":0,"25":0,"26":0,"27":0},"f":{"0":0,"1":0,"2":0,"3":0,"4":0,"5":0,"6":0},"b":{"0":[0,0],"1":[0,0],"2":[0,0]}}
}
