TN:
SF:src/components/Button/index.tsx
FN:10,(anonymous_0)
FNF:1
FNH:1
FNDA:1,(anonymous_0)
DA:10,1
DA:11,1
LF:2
LH:2
BRF:0
BRH:0
end_of_record
TN:
SF:src/components/Input/index.tsx
FN:21,(anonymous_0)
FN:30,(anonymous_1)
FN:34,(anonymous_2)
FN:39,(anonymous_3)
FN:40,(anonymous_4)
FN:45,(anonymous_5)
FN:50,(anonymous_6)
FN:54,(anonymous_7)
FN:59,(anonymous_8)
FN:74,(anonymous_9)
FNF:10
FNH:4
FNDA:2,(anonymous_0)
FNDA:0,(anonymous_1)
FNDA:0,(anonymous_2)
FNDA:1,(anonymous_3)
FNDA:0,(anonymous_4)
FNDA:2,(anonymous_5)
FNDA:0,(anonymous_6)
FNDA:0,(anonymous_7)
FNDA:2,(anonymous_8)
FNDA:0,(anonymous_9)
DA:21,1
DA:22,2
DA:24,2
DA:25,2
DA:27,2
DA:28,2
DA:30,2
DA:31,0
DA:34,2
DA:35,0
DA:36,0
DA:39,2
DA:41,0
DA:45,2
DA:46,2
DA:51,0
DA:52,0
DA:55,0
DA:56,0
DA:59,2
DA:60,2
DA:64,2
DA:75,0
LF:23
LH:14
BRDA:24,0,0,2
BRDA:66,1,0,0
BRDA:66,1,1,2
BRDA:66,2,0,2
BRDA:66,2,1,2
BRF:5
BRH:4
end_of_record
TN:
SF:src/hooks/auth.tsx
FN:34,(anonymous_0)
FN:38,(anonymous_1)
FN:39,loadStorageData
FN:52,(anonymous_3)
FN:64,(anonymous_4)
FN:70,(anonymous_5)
FN:88,useAuth
FNF:7
FNH:1
FNDA:0,(anonymous_0)
FNDA:0,(anonymous_1)
FNDA:0,loadStorageData
FNDA:0,(anonymous_3)
FNDA:0,(anonymous_4)
FNDA:0,(anonymous_5)
FNDA:1,useAuth
DA:32,1
DA:34,1
DA:35,0
DA:36,0
DA:38,0
DA:40,0
DA:42,0
DA:43,0
DA:44,0
DA:46,0
DA:49,0
DA:52,0
DA:53,0
DA:55,0
DA:57,0
DA:59,0
DA:61,0
DA:64,0
DA:65,0
DA:66,0
DA:69,0
DA:71,0
DA:73,0
DA:81,0
DA:89,1
DA:91,1
DA:92,0
DA:94,1
LF:28
LH:5
BRDA:42,0,0,0
BRDA:42,0,1,0
BRDA:42,1,0,0
BRDA:42,1,1,0
BRDA:91,2,0,0
BRDA:91,2,1,1
BRF:6
BRH:1
end_of_record
TN:
SF:src/pages/AppointmentCreated/index.tsx
FN:13,(anonymous_0)
FN:20,(anonymous_1)
FN:24,(anonymous_2)
FNF:3
FNH:0
FNDA:0,(anonymous_0)
FNDA:0,(anonymous_1)
FNDA:0,(anonymous_2)
DA:13,0
DA:14,0
DA:15,0
DA:17,0
DA:20,0
DA:21,0
DA:24,0
DA:25,0
DA:28,0
LF:9
LH:0
BRF:0
BRH:0
end_of_record
TN:
SF:src/pages/CreateAppointment/index.tsx
FN:34,(anonymous_0)
FN:47,(anonymous_1)
FN:48,(anonymous_2)
FN:53,(anonymous_3)
FN:60,(anonymous_4)
FN:66,(anonymous_5)
FN:70,(anonymous_6)
FN:74,(anonymous_7)
FN:75,(anonymous_8)
FN:78,(anonymous_9)
FN:87,(anonymous_10)
FN:88,(anonymous_11)
FN:89,(anonymous_12)
FN:97,(anonymous_13)
FN:98,(anonymous_14)
FN:99,(anonymous_15)
FN:107,(anonymous_16)
FN:111,(anonymous_17)
FN:128,(anonymous_18)
FN:141,(anonymous_19)
FN:142,(anonymous_20)
FN:143,(anonymous_21)
FN:171,(anonymous_22)
FN:177,(anonymous_23)
FN:189,(anonymous_24)
FN:195,(anonymous_25)
FNF:26
FNH:0
FNDA:0,(anonymous_0)
FNDA:0,(anonymous_1)
FNDA:0,(anonymous_2)
FNDA:0,(anonymous_3)
FNDA:0,(anonymous_4)
FNDA:0,(anonymous_5)
FNDA:0,(anonymous_6)
FNDA:0,(anonymous_7)
FNDA:0,(anonymous_8)
FNDA:0,(anonymous_9)
FNDA:0,(anonymous_10)
FNDA:0,(anonymous_11)
FNDA:0,(anonymous_12)
FNDA:0,(anonymous_13)
FNDA:0,(anonymous_14)
FNDA:0,(anonymous_15)
FNDA:0,(anonymous_16)
FNDA:0,(anonymous_17)
FNDA:0,(anonymous_18)
FNDA:0,(anonymous_19)
FNDA:0,(anonymous_20)
FNDA:0,(anonymous_21)
FNDA:0,(anonymous_22)
FNDA:0,(anonymous_23)
FNDA:0,(anonymous_24)
FNDA:0,(anonymous_25)
DA:34,0
DA:35,0
DA:36,0
DA:37,0
DA:38,0
DA:40,0
DA:41,0
DA:42,0
DA:43,0
DA:44,0
DA:45,0
DA:47,0
DA:48,0
DA:49,0
DA:53,0
DA:54,0
DA:61,0
DA:66,0
DA:67,0
DA:70,0
DA:71,0
DA:74,0
DA:75,0
DA:78,0
DA:79,0
DA:80,0
DA:82,0
DA:83,0
DA:87,0
DA:88,0
DA:90,0
DA:97,0
DA:98,0
DA:100,0
DA:107,0
DA:108,0
DA:111,0
DA:112,0
DA:113,0
DA:115,0
DA:116,0
DA:117,0
DA:119,0
DA:121,0
DA:125,0
DA:128,0
DA:141,0
DA:143,0
DA:172,0
DA:177,0
DA:190,0
DA:195,0
LF:52
LH:0
BRDA:79,0,0,0
BRDA:79,0,1,0
BRDA:82,1,0,0
BRDA:82,1,1,0
BRDA:156,2,0,0
BRDA:156,2,1,0
BRDA:157,3,0,0
BRDA:157,3,1,0
BRDA:159,4,0,0
BRDA:159,4,1,0
BRF:10
BRH:0
end_of_record
TN:
SF:src/pages/Dashboard/index.tsx
FN:18,(anonymous_0)
FN:23,(anonymous_1)
FN:24,(anonymous_2)
FN:29,(anonymous_3)
FN:33,(anonymous_4)
FN:50,(anonymous_5)
FN:52,(anonymous_6)
FN:53,(anonymous_7)
FNF:8
FNH:0
FNDA:0,(anonymous_0)
FNDA:0,(anonymous_1)
FNDA:0,(anonymous_2)
FNDA:0,(anonymous_3)
FNDA:0,(anonymous_4)
FNDA:0,(anonymous_5)
FNDA:0,(anonymous_6)
FNDA:0,(anonymous_7)
DA:18,0
DA:19,0
DA:20,0
DA:21,0
DA:23,0
DA:24,0
DA:25,0
DA:29,0
DA:30,0
DA:33,0
DA:34,0
DA:37,0
DA:50,0
DA:53,0
LF:14
LH:0
BRF:0
BRH:0
end_of_record
TN:
SF:src/pages/Profile/index.tsx
FN:27,(anonymous_0)
FN:37,(anonymous_1)
FN:48,(anonymous_2)
FN:54,(anonymous_3)
FN:104,(anonymous_4)
FN:108,(anonymous_5)
FN:114,(anonymous_6)
FN:132,(anonymous_7)
FN:165,(anonymous_8)
FN:178,(anonymous_9)
FN:191,(anonymous_10)
FN:202,(anonymous_11)
FN:213,(anonymous_12)
FN:217,(anonymous_13)
FNF:14
FNH:0
FNDA:0,(anonymous_0)
FNDA:0,(anonymous_1)
FNDA:0,(anonymous_2)
FNDA:0,(anonymous_3)
FNDA:0,(anonymous_4)
FNDA:0,(anonymous_5)
FNDA:0,(anonymous_6)
FNDA:0,(anonymous_7)
FNDA:0,(anonymous_8)
FNDA:0,(anonymous_9)
FNDA:0,(anonymous_10)
FNDA:0,(anonymous_11)
FNDA:0,(anonymous_12)
FNDA:0,(anonymous_13)
DA:27,0
DA:28,0
DA:29,0
DA:30,0
DA:31,0
DA:32,0
DA:33,0
DA:34,0
DA:36,0
DA:38,0
DA:39,0
DA:41,0
DA:48,0
DA:54,0
DA:61,0
DA:69,0
DA:70,0
DA:82,0
DA:84,0
DA:86,0
DA:88,0
DA:91,0
DA:92,0
DA:93,0
DA:94,0
DA:96,0
DA:97,0
DA:98,0
DA:100,0
DA:104,0
DA:105,0
DA:108,0
DA:109,0
DA:115,0
DA:116,0
DA:119,0
DA:120,0
DA:121,0
DA:124,0
DA:126,0
DA:132,0
DA:133,0
DA:138,0
DA:166,0
DA:179,0
DA:192,0
DA:203,0
DA:214,0
DA:218,0
LF:49
LH:0
BRDA:73,0,0,0
BRDA:73,0,1,0
BRDA:91,1,0,0
BRDA:91,1,1,0
BRDA:96,2,0,0
BRDA:96,2,1,0
BRDA:115,3,0,0
BRDA:115,3,1,0
BRDA:119,4,0,0
BRDA:119,4,1,0
BRDA:141,5,0,0
BRDA:141,5,1,0
BRF:12
BRH:0
end_of_record
TN:
SF:src/pages/SignIn/index.tsx
FN:21,(anonymous_0)
FN:28,(anonymous_1)
FN:74,(anonymous_2)
FN:86,(anonymous_3)
FN:90,(anonymous_4)
FN:95,(anonymous_5)
FN:104,(anonymous_6)
FNF:7
FNH:1
FNDA:1,(anonymous_0)
FNDA:0,(anonymous_1)
FNDA:0,(anonymous_2)
FNDA:0,(anonymous_3)
FNDA:0,(anonymous_4)
FNDA:0,(anonymous_5)
FNDA:0,(anonymous_6)
DA:21,1
DA:22,1
DA:23,1
DA:24,1
DA:25,1
DA:27,1
DA:29,0
DA:30,0
DA:32,0
DA:39,0
DA:41,0
DA:45,0
DA:46,0
DA:47,0
DA:48,0
DA:51,0
DA:55,1
DA:75,0
DA:87,0
DA:91,0
DA:95,0
DA:104,0
LF:22
LH:7
BRDA:45,0,0,0
BRDA:45,0,1,0
BRDA:56,1,0,1
BRDA:56,1,1,0
BRF:4
BRH:1
end_of_record
TN:
SF:src/pages/SignUp/index.tsx
FN:23,(anonymous_0)
FN:30,(anonymous_1)
FN:84,(anonymous_2)
FN:97,(anonymous_3)
FN:110,(anonymous_4)
FN:115,(anonymous_5)
FN:126,(anonymous_6)
FNF:7
FNH:0
FNDA:0,(anonymous_0)
FNDA:0,(anonymous_1)
FNDA:0,(anonymous_2)
FNDA:0,(anonymous_3)
FNDA:0,(anonymous_4)
FNDA:0,(anonymous_5)
FNDA:0,(anonymous_6)
DA:23,0
DA:24,0
DA:25,0
DA:26,0
DA:27,0
DA:29,0
DA:31,0
DA:32,0
DA:34,0
DA:41,0
DA:43,0
DA:45,0
DA:47,0
DA:50,0
DA:51,0
DA:52,0
DA:53,0
DA:55,0
DA:56,0
DA:57,0
DA:59,0
DA:63,0
DA:85,0
DA:98,0
DA:111,0
DA:116,0
DA:126,0
LF:27
LH:0
BRDA:50,0,0,0
BRDA:50,0,1,0
BRDA:55,1,0,0
BRDA:55,1,1,0
BRDA:66,2,0,0
BRDA:66,2,1,0
BRF:6
BRH:0
end_of_record
